  2.3983837177e-01  7.5368383718e+00  5.5073784798e+01  8.6272362640e-11  1.8692193445e-05  6.7847610829e-11  2.8535906908e-11  1.4700196304e-05  6.1827296220e-06
  2.4879383023e-01  7.5457938302e+00  5.5075150488e+01  3.5350509044e-10  6.1934203340e-05  1.6562111017e-10  5.4575148953e-11  2.9016870738e-05  9.5615833096e-06
  2.5140583895e-01  7.5484058389e+00  5.5075544172e+01  6.6358199217e-10  1.0952374265e-04  4.7490785711e-10  1.7360077130e-10  7.8383208912e-05  2.8652685611e-05
  2.9011953956e-01  7.5871195396e+00  5.5081155920e+01  1.2074944076e-10  9.1134199171e-06  1.3765986659e-10  8.0301588846e-11  1.0389714123e-05  6.0606665716e-06
  2.9394426661e-01  7.5909442666e+00  5.5081689451e+01  1.0963589434e-10  7.7284243034e-06  1.8354350949e-10  6.3442213064e-11  1.2938300254e-05  4.4721516094e-06
  2.9860856789e-01  7.5956085679e+00  5.5082335429e+01  1.0135648318e-10  6.5863453183e-06  6.9126713210e-11  4.5086976004e-11  4.4919909379e-06  2.9298411312e-06
  3.6736036874e-01  7.6643603687e+00  5.5091329677e+01  1.9531236194e-10  4.6578457838e-06  1.6753405771e-10  1.3163390248e-10  3.9953835824e-06  3.1392299576e-06
  3.8135327258e-01  7.6783532726e+00  5.5093054068e+01  2.4686192947e-10  4.9777161042e-06  3.1710139922e-10  5.8035539103e-11  6.3940225411e-06  1.1702267670e-06
  3.8937587078e-01  7.6863758708e+00  5.5094028489e+01  2.8192533662e-10  5.1860909906e-06  2.3532613635e-10  5.0355804601e-11  4.3288864003e-06  9.2630831871e-07
  4.3713831588e-01  7.7341383159e+00  5.5099633093e+01  5.8968094916e-10  6.6500593488e-06  5.4434813216e-10  1.4356434255e-10  6.1388236986e-06  1.6190304260e-06
  4.4105632895e-01  7.7380563290e+00  5.5100078952e+01  6.2347353345e-10  6.7805246000e-06  5.6627389023e-10  1.6549553834e-10  6.1584555511e-06  1.7998303195e-06
  4.4478776998e-01  7.7417877700e+00  5.5100501744e+01  6.5700547942e-10  6.9057623527e-06  5.6925744935e-10  1.1165820372e-10  5.9834457791e-06  1.1736355994e-06
  4.5542237689e-01  7.7524223769e+00  5.5101697086e+01  7.6033368323e-10  7.2701589038e-06  6.5397426115e-10  2.5620637975e-10  6.2531713409e-06  2.4497942601e-06
  4.6092625240e-01  7.7579262524e+00  5.5102310257e+01  8.1833885815e-10  7.4611778022e-06  7.4567624932e-10  2.4025130493e-10  6.7986788402e-06  2.1904834231e-06
  4.6353826112e-01  7.7605382611e+00  5.5102599975e+01  8.4692857638e-10  7.5518528180e-06  7.8454817409e-10  1.3856695832e-10  6.9956221865e-06  1.2355673239e-06
  4.8228875226e-01  7.7792887523e+00  5.5104656257e+01  1.0747858778e-09  8.2157142638e-06  1.1264090994e-09  2.6415788614e-10  8.6103246196e-06  2.0192354196e-06
  4.8238203829e-01  7.7793820383e+00  5.5104666387e+01  1.0760125763e-09  8.2189925133e-06  1.2360591616e-09  3.8377643325e-10  9.4414890862e-06  2.9314300792e-06
  4.9712123033e-01  7.7941212303e+00  5.5106254757e+01  1.2842817984e-09  8.7499787848e-06  1.3855154715e-09  3.1099340080e-10  9.4396969553e-06  2.1188384533e-06
  5.0570354468e-01  7.8027035447e+00  5.5107168817e+01  1.4179892561e-09  9.0614870537e-06  1.7443054872e-09  6.8277100497e-10  1.1146771050e-05  4.3631646681e-06
  5.1783072801e-01  7.8148307280e+00  5.5108447326e+01  1.6235362538e-09  9.5053332082e-06  1.3156535173e-09  1.9336119875e-10  7.7027692106e-06  1.1320736567e-06
  5.2846533493e-01  7.8254653349e+00  5.5109556236e+01  1.8203103292e-09  9.8966589753e-06  1.7840456953e-09  3.8571267267e-10  9.6994954977e-06  2.0970417640e-06
  5.3508864274e-01  7.8320886427e+00  5.5110241253e+01  1.9510796756e-09  1.0141865948e-05  1.9933055882e-09  5.4118246719e-10  1.0361359570e-05  2.8131091233e-06
  5.5234655748e-01  7.8493465575e+00  5.5112006535e+01  2.3224268454e-09  1.0784092840e-05  2.5114301068e-09  5.3716699507e-11  1.1661721654e-05  2.4943126871e-07
  5.5477199414e-01  7.8517719941e+00  5.5112252410e+01  2.3783220807e-09  1.0874932642e-05  2.2323656115e-09  4.5145608126e-10  1.0207543316e-05  2.0642933581e-06
  5.5682428670e-01  7.8538242867e+00  5.5112460040e+01  2.4263047841e-09  1.0951700167e-05  2.1326929552e-09  5.8300251346e-11  9.6264137738e-06  2.6315196531e-07
  5.6531331503e-01  7.8623133150e+00  5.5113314842e+01  2.6319438183e-09  1.1270013903e-05  2.1226718748e-09  2.1724998531e-10  9.0893055445e-06  9.3026695244e-07
  5.7548149182e-01  7.8724814918e+00  5.5114330340e+01  2.8940242900e-09  1.1653791387e-05  2.2421897202e-09  3.3782325118e-10  9.0289536755e-06  1.3603623538e-06
  5.7548149182e-01  7.8724814918e+00  5.5114330340e+01  2.8940242900e-09  1.1653791387e-05  2.6806623766e-09  7.7529937881e-10  1.0794615728e-05  3.1220115376e-06
  5.7548149182e-01  7.8724814918e+00  5.5114330340e+01  2.8940242900e-09  1.1653791387e-05  3.5675729771e-09  7.8526466646e-10  1.4366068515e-05  3.1621402206e-06
  5.7650763810e-01  7.8735076381e+00  5.5114432322e+01  2.9211519774e-09  1.1691481164e-05  2.5311752052e-09  2.4414878948e-10  1.0130656489e-05  9.7716962199e-07
  6.0281429732e-01  7.8998142973e+00  5.5117016529e+01  3.6862453525e-09  1.2691759765e-05  3.6071391984e-09  7.4534257469e-10  1.2419396911e-05  2.5662179252e-06
  6.5094988652e-01  7.9479498865e+00  5.5121603419e+01  5.4279043997e-09  1.4566884624e-05  4.6328330410e-09  1.0261974263e-09  1.2433149043e-05  2.7540093579e-06
  6.9348831418e-01  7.9904883142e+00  5.5125517955e+01  7.3949539430e-09  1.6312841455e-05  6.7641264979e-09  1.7931410451e-09  1.4921272532e-05  3.9555656196e-06
  7.4087761518e-01  8.0378776152e+00  5.5129740345e+01  1.0167730268e-08  1.8435557191e-05  8.0780582090e-09  2.6594840219e-09  1.4646681233e-05  4.8220269906e-06
  7.4554191646e-01  8.0425419165e+00  5.5130148556e+01  1.0481288452e-08  1.8661890738e-05  1.0558119967e-08  1.6932833910e-09  1.8798688933e-05  3.0148840742e-06
  7.4554191646e-01  8.0425419165e+00  5.5130148556e+01  1.0481288452e-08  1.8661890738e-05  9.0839673681e-09  2.8188188215e-09  1.6173966328e-05  5.0188952530e-06
  7.4554191646e-01  8.0425419165e+00  5.5130148556e+01  1.0481288452e-08  1.8661890738e-05  9.9206485731e-09  1.3347057317e-09  1.7663673752e-05  2.3764380350e-06
  7.4703449287e-01  8.0440344929e+00  5.5130278915e+01  1.0582724698e-08  1.8734006876e-05  1.0757287088e-08  1.6932766713e-09  1.9043024932e-05  2.9975131837e-06
  7.9190507117e-01  8.0889050712e+00  5.5134138890e+01  1.4093974420e-08  2.1154236046e-05  1.2249915162e-08  2.1611638944e-09  1.8386410330e-05  3.2437813347e-06
  7.9190507117e-01  8.0889050712e+00  5.5134138890e+01  1.4093974420e-08  2.1154236046e-05  1.5934848991e-08  2.3703087875e-09  2.3917281731e-05  3.5576956574e-06
  8.9022854214e-01  8.1872285421e+00  5.5142232669e+01  2.8282571527e-08  3.1074938534e-05  2.3398542873e-08  2.9472207193e-09  2.5708704771e-05  3.2382028137e-06
  9.3397968813e-01  8.2309796881e+00  5.5145690250e+01  4.8386174172e-08  4.7116603267e-05  4.8982430688e-08  5.7046611350e-09  4.7697215026e-05  5.5549805305e-06
  9.8388771182e-01  8.2808877118e+00  5.5149537221e+01  1.8630662263e-06  1.5986209357e-03  1.6624202822e-06  1.9112855940e-07  1.4264548568e-03  1.6399960031e-04
  9.8482057208e-01  8.2818205721e+00  5.5149608189e+01  2.7045050148e-06  2.3153866668e-03  3.3447425615e-06  3.4741522439e-07  2.8635082163e-03  2.9742987128e-04
  9.8510043015e-01  8.2821004302e+00  5.5149629473e+01  3.0600884478e-06  2.6180358328e-03  7.1374370903e-06  6.9283908156e-07  6.1063810330e-03  5.9275330530e-04
  9.8566014631e-01  8.2826601463e+00  5.5149672032e+01  3.9761200137e-06  3.3971385527e-03  1.0153663037e-05  9.8649804604e-07  8.6751405982e-03  8.4284944440e-04
  9.8566014631e-01  8.2826601463e+00  5.5149672032e+01  3.9761200137e-06  3.3971385527e-03  6.4605169716e-06  6.3410621123e-07  5.5197708316e-03  5.4177103540e-04
  9.8575343233e-01  8.2827534323e+00  5.5149679124e+01  4.1602188908e-06  3.5536286352e-03  4.7582841996e-06  4.8478753247e-07  4.0644916601e-03  4.1410197458e-04
  9.8612657643e-01  8.2831265764e+00  5.5149707489e+01  4.9986403930e-06  4.2659547649e-03  8.2025581465e-06  7.9736032468e-07  7.0002519202e-03  6.8048565390e-04
  9.8631314849e-01  8.2833131485e+00  5.5149721669e+01  5.4799692896e-06  4.6746254335e-03  5.8035064740e-06  5.8333701436e-07  4.9506151463e-03  4.9760900099e-04
  9.8677957861e-01  8.2837795786e+00  5.5149757114e+01  6.8323616111e-06  5.8217113264e-03  8.3120457557e-06  8.1826366601e-07  7.0825189994e-03  6.9722522365e-04
  9.8715272272e-01  8.2841527227e+00  5.5149785464e+01  7.9499446063e-06  6.7678872353e-03  8.7002655319e-06  8.5509474736e-07  7.4066448200e-03  7.2795284901e-04
  9.8724600874e-01  8.2842460087e+00  5.5149792550e+01  8.2076912205e-06  6.9857390324e-03  1.1447715335e-05  1.1049533932e-06  9.7433918623e-03  9.4044912758e-04
  9.8752586682e-01  8.2845258668e+00  5.5149813808e+01  8.8554722434e-06  7.5319976965e-03  1.0153619203e-05  9.9147105157e-07  8.6361330423e-03  8.4329299119e-04
  9.8817886900e-01  8.2851788690e+00  5.5149863398e+01  9.1028582947e-06  7.7302468611e-03  1.0551784415e-05  1.0054058735e-06  8.9606907753e-03  8.5380166821e-04
  9.8827215502e-01  8.2852721550e+00  5.5149870481e+01  8.9676043439e-06  7.6136784223e-03  1.1149052826e-05  1.0949962597e-06  9.4657725380e-03  9.2967408855e-04
  9.8892515720e-01  8.2859251572e+00  5.5149920053e+01  7.2231281709e-06  6.1229599998e-03  1.2144485639e-05  1.1845850747e-06  1.0294736301e-02  1.0041587048e-03
  9.8976473143e-01  8.2867647314e+00  5.5149983763e+01  4.6614229915e-06  3.9434732718e-03  9.9544771141e-06  9.6657972778e-07  8.4212942069e-03  8.1770766749e-04
  9.9013787553e-01  8.2871378755e+00  5.5150012070e+01  3.7852924462e-06  3.1994183225e-03  9.3173825475e-06  9.1382021139e-07  7.8752711616e-03  7.7238236393e-04


  2.9347783648e-01  7.5904778365e+00  0.0000000000e+00  1.3692567195e-09  9.7321067057e-05  1.0413000000e-09  1.1454000000e-10  7.4011268801e-05  8.1410263406e-06
  3.1120218134e-01  7.6082021813e+00  0.0000000000e+00  1.1455350005e-09  6.0342671166e-05  1.1582000000e-09  5.7908000000e-11  6.1009817870e-05  3.0503855407e-06
  3.3013924454e-01  7.6271392445e+00  0.0000000000e+00  1.2846826850e-09  5.0570177777e-05  1.5498000000e-09  6.1993000000e-11  6.1006241023e-05  2.4402890049e-06


  1.1890236821e-01  7.4159023682e+00  0.0000000000e+00  2.0690957892e-12  7.0758949899e-05  1.1697000000e-12  8.7727000000e-13  4.0001407441e-05  3.0000884591e-05
  1.2439691511e-01  7.4213969151e+00  0.0000000000e+00  2.8478839788e-12  6.5951074095e-05  1.2960000000e-12  8.6399000000e-13  3.0012666479e-05  2.0008212740e-05
  1.5700038106e-01  7.4540003811e+00  0.0000000000e+00  1.2695801251e-11  4.5798912252e-05  4.1588000000e-12  1.1090000000e-12  1.5002480940e-05  4.0006134851e-06
  1.7310154907e-01  7.4701015491e+00  0.0000000000e+00  2.3257821343e-11  4.1252641100e-05  1.0149000000e-11  3.3831000000e-12  1.8001387505e-05  6.0006398727e-06
  1.8219693657e-01  7.4791969366e+00  0.0000000000e+00  3.2689212573e-11  4.0578950710e-05  1.5310000000e-11  3.2232000000e-12  1.9005160616e-05  4.0011387131e-06
  1.9810220393e-01  7.4951022039e+00  0.0000000000e+00  6.2313522862e-11  4.4133573736e-05  3.6713000000e-11  4.2361000000e-12  2.6001994722e-05  3.0002192641e-06
  2.0950175625e-01  7.5065017563e+00  0.0000000000e+00  1.0744999190e-10  5.3077034689e-05  6.4788000000e-11  1.2148000000e-11  3.2003305561e-05  6.0007432852e-06
  2.1920350291e-01  7.5162035029e+00  0.0000000000e+00  1.8752950589e-10  6.9793186332e-05  1.4779000000e-10  2.4184000000e-11  5.5003264467e-05  9.0006018531e-06
  2.2910115023e-01  7.5261011502e+00  0.0000000000e+00  3.8069313409e-10  1.0825308306e-04  2.7082000000e-10  1.7585000000e-11  7.7009794314e-05  5.0004328816e-06
  2.3910141217e-01  7.5361014122e+00  0.0000000000e+00  1.0010145788e-09  2.2083301227e-04  8.0241000000e-10  2.7200000000e-11  1.7701901763e-04  6.0005698827e-06
  2.4859792958e-01  7.5455979296e+00  0.0000000000e+00  4.2694938806e-09  7.5140275479e-04  4.3760000000e-09  1.1366000000e-10  7.7014712914e-04  2.0003410123e-05
  2.5620074066e-01  7.5532007407e+00  0.0000000000e+00  6.1765719037e-08  9.1595280925e-03  5.3751000000e-08  1.2814000000e-09  7.9709878259e-03  1.9002481442e-04
  2.5719890113e-01  7.5541989011e+00  0.0000000000e+00  1.4010357474e-07  2.0326882255e-02  1.2236000000e-07  3.1021000000e-09  1.7752561399e-02  4.5006718467e-04
  2.5800116095e-01  7.5550011610e+00  0.0000000000e+00  3.7807465493e-07  5.3901733879e-02  3.0164000000e-07  7.0149000000e-09  4.3004519862e-02  1.0001074340e-03
  2.5840229086e-01  7.5554022909e+00  0.0000000000e+00  8.1042431854e-07  1.1453903074e-01  6.4393000000e-07  2.1228000000e-08  9.1008026753e-02  3.0001993880e-03
  2.5870080615e-01  7.5557008061e+00  0.0000000000e+00  1.7415681689e-06  2.4455214285e-01  1.2037000000e-06  3.5611000000e-08  1.6902434232e-01  5.0005199421e-03
  2.5899932143e-01  7.5559993214e+00  0.0000000000e+00  4.4915659487e-06  6.2664831819e-01  2.1004000000e-06  7.8855000000e-08  2.9304081083e-01  1.1001586906e-02
  2.5929783671e-01  7.5562978367e+00  0.0000000000e+00  5.8227579962e-06  8.0715153119e-01  1.7389000000e-06  7.2153000000e-08  2.4104656221e-01  1.0001858993e-02
  3.0150043468e-01  7.5985004347e+00  0.0000000000e+00  1.2002235745e-09  7.4230205188e-05  1.2937000000e-09  1.6171000000e-10  8.0011439944e-05  1.0001275376e-05
  3.1139808200e-01  7.6083980820e+00  0.0000000000e+00  1.1455596632e-09  6.0153690126e-05  1.3904000000e-09  1.5237000000e-10  7.3010331487e-05  8.0009955471e-06
  3.2090392800e-01  7.6179039280e+00  0.0000000000e+00  1.1852025013e-09  5.3591754757e-05  1.3934000000e-09  1.5482000000e-10  6.3005900674e-05  7.0005551474e-06
  3.2910376965e-01  7.6261037697e+00  0.0000000000e+00  1.2708991244e-09  5.0795493492e-05  1.5013000000e-09  1.5013000000e-10  6.0004191455e-05  6.0004191455e-06
  3.5029835467e-01  7.6472983547e+00  0.0000000000e+00  1.6748770880e-09  4.9726609823e-05  1.5159000000e-09  1.0106000000e-10  4.5006626679e-05  3.0004417786e-06
  3.6680065259e-01  7.6638006526e+00  0.0000000000e+00  2.1682100771e-09  5.2067271611e-05  1.7908000000e-09  2.9153000000e-10  4.3004167809e-05  7.0007845886e-06


  6.5150960267e-01  7.9485096027e+00  0.0000000000e+00  6.4504743026e-09  1.7264187994e-05  5.4418682310e-09  4.2888624254e-10  1.4564733037e-05  1.1478803530e-06
  7.4442248415e-01  8.0414224841e+00  0.0000000000e+00  1.2258680691e-08  2.1921540260e-05  1.2036581482e-08  6.5518094727e-10  2.1524372174e-05  1.1716248979e-06
  8.3453678486e-01  8.1315367849e+00  0.0000000000e+00  2.1706441544e-08  2.8242830581e-05  1.8296205589e-08  8.8539676093e-10  2.3805681538e-05  1.1520133627e-06
  1.1190591629e+00  8.4160591629e+00  0.0000000000e+00  3.5044022276e-08  2.2424814090e-05  3.2648782137e-08  1.7759502371e-09  2.0892090066e-05  1.1364378663e-06
  1.2103861819e+00  8.5073861819e+00  0.0000000000e+00  5.2044572781e-08  2.8216283752e-05  4.7252568977e-08  2.3456884726e-09  2.5618269553e-05  1.2717293659e-06
  1.3039520656e+00  8.6009520656e+00  0.0000000000e+00  7.2289088592e-08  3.3778867097e-05  5.7518430407e-08  3.4094590136e-09  2.6876911222e-05  1.5931541694e-06
  1.3969582331e+00  8.6939582331e+00  0.0000000000e+00  9.9992726361e-08  4.1017398931e-05  9.0256323994e-08  4.4590210397e-09  3.7023489428e-05  1.8291074910e-06
  1.4898711146e+00  8.7868711146e+00  0.0000000000e+00  1.3477677257e-07  4.9248287902e-05  1.2231892760e-07  5.4605241134e-09  4.4696112302e-05  1.9953101599e-06
  1.5367939854e+00  8.8337939854e+00  0.0000000000e+00  1.5899097957e-07  5.5061941153e-05  1.3575769245e-07  5.6852891305e-09  4.7015762106e-05  1.9689359509e-06
  1.7887595405e+00  9.0857595405e+00  0.0000000000e+00  2.4298368738e-07  6.5916317718e-05  2.4763238035e-07  8.3440263263e-09  6.7177409464e-05  2.2635572630e-06
  1.7892259707e+00  9.0862259707e+00  0.0000000000e+00  2.4373437194e-07  6.6093925649e-05  2.2722025497e-07  1.2605646047e-08  6.1615760298e-05  3.4182976572e-06
  1.8636682191e+00  9.1606682191e+00  0.0000000000e+00  3.5598087149e-07  9.0861638824e-05  3.9655471571e-07  1.1350047098e-08  1.0121783005e-04  2.8970204935e-06
  1.9555549543e+00  9.2525549543e+00  0.0000000000e+00  6.1088912522e-07  1.4555172055e-04  5.9222970725e-07  2.2369140229e-08  1.4110588861e-04  5.3297181324e-06
  2.0514529886e+00  9.3484529886e+00  0.0000000000e+00  1.2045196235e-06  2.6873575423e-04  1.2094140681e-06  3.3634651325e-08  2.6982773498e-04  7.5040980781e-06
  2.1394217107e+00  9.4364217107e+00  0.0000000000e+00  2.3784432621e-06  5.0203312453e-04  2.5101589607e-06  6.9322986364e-08  5.2983519354e-04  1.4632442994e-05
  2.2744998758e+00  9.5714998758e+00  0.0000000000e+00  1.8030706918e-06  3.5230711929e-04  1.7405327664e-06  5.0295326481e-08  3.4008765590e-04  9.8273471292e-06
  2.2871867752e+00  9.5841867752e+00  0.0000000000e+00  2.3913370058e-06  4.6408095423e-04  2.3614798410e-06  6.0494883916e-08  4.5828664690e-04  1.1740094928e-05
  2.3714240563e+00  9.6684240563e+00  0.0000000000e+00  4.0724029505e-07  7.5674049800e-05  3.5921544738e-07  1.3910891840e-08  6.6749994989e-05  2.5849444043e-06
  2.3962381391e+00  9.6932381391e+00  0.0000000000e+00  3.1241069461e-07  5.7346948550e-05  2.6627024728e-07  1.2845847879e-08  4.8877283762e-05  2.3580184356e-06
  2.4887778765e+00  9.7857778765e+00  0.0000000000e+00  1.6067377677e-07  2.8237277288e-05  1.3202796459e-07  6.7824765229e-09  2.3202978860e-05  1.1919721694e-06
  2.5837430506e+00  9.8807430506e+00  0.0000000000e+00  1.0144194199e-07  1.7102616985e-05  8.3447167517e-08  4.4469341774e-09  1.4068785716e-05  7.4973142763e-07
  2.6859845346e+00  9.9829845346e+00  0.0000000000e+00  7.6621261089e-08  1.2393024792e-05  7.2645763099e-08  4.4375290865e-09  1.1750012077e-05  7.1774344618e-07


  4.9012477841e-01  7.7871247784e+00  4.5091086418e+01  1.2316340597e-09  8.8530876085e-06  1.3181608973e-09  5.8170579992e-10  9.4750496825e-06  4.1813494590e-06
  6.5150960267e-01  7.9485096027e+00  4.5105033611e+01  5.6832186072e-09  1.5210688369e-05  5.2274387455e-09  3.2251652584e-10  1.3990829356e-05  8.6319015814e-07
  7.4442248415e-01  8.0414224841e+00  4.5112282891e+01  1.0845533949e-08  1.9394485843e-05  8.3400437058e-09  5.1186146376e-10  1.4914052212e-05  9.1533436334e-07
  8.3453678486e-01  8.1315367849e+00  4.5118893980e+01  1.9341515941e-08  2.5165762744e-05  1.4963082081e-08  7.0531705147e-10  1.9468865559e-05  9.1770684523e-07
  1.1190591629e+00  8.4160591629e+00  4.5137708555e+01  3.0708155457e-08  1.9650275067e-05  2.4880336655e-08  1.4137686295e-09  1.5921029829e-05  9.0467636482e-07
  1.2103861819e+00  8.5073861819e+00  4.5143227241e+01  4.5760254126e-08  2.4809201921e-05  3.7916161487e-08  1.8405613702e-09  2.0556479075e-05  9.9787161484e-07
  1.3039520656e+00  8.6009520656e+00  4.5148670098e+01  6.3709410205e-08  2.9769799870e-05  5.9735681940e-08  2.8952199061e-09  2.7912976917e-05  1.3528632098e-06
  1.3969582331e+00  8.6939582331e+00  4.5153890849e+01  8.9254768522e-08  3.6612647542e-05  7.5886086750e-08  3.4281086920e-09  3.1128763129e-05  1.4062233016e-06
  1.4898711146e+00  8.7868711146e+00  4.5158936277e+01  1.2357897942e-07  4.5156543231e-05  1.0456781304e-07  4.3448871509e-09  3.8209742404e-05  1.5876493347e-06
  1.5367939854e+00  8.8337939854e+00  4.5161424787e+01  1.3824885905e-07  4.7878505824e-05  1.0326618003e-07  4.1445752024e-09  3.5763263698e-05  1.4353541095e-06
  1.7887595405e+00  9.0857595405e+00  4.5174184586e+01  2.6659748152e-07  7.2322238928e-05  2.2037044181e-07  6.6856971131e-09  5.9781824097e-05  1.8136877410e-06
  1.7892259707e+00  9.0862259707e+00  4.5174207346e+01  2.6722599299e-07  7.2464194409e-05  1.9769680483e-07  1.0471566171e-08  5.3609828664e-05  2.8395950495e-06
  1.8636682191e+00  9.1606682191e+00  4.5177802795e+01  3.6381489452e-07  9.2861218655e-05  3.1878425286e-07  9.0325519430e-09  8.1367460909e-05  2.3054959916e-06
  1.9555549543e+00  9.2525549543e+00  4.5182143689e+01  6.0599263231e-07  1.4438507191e-04  5.3378512093e-07  1.7716615487e-08  1.2718075924e-04  4.2211978574e-06
  2.0514529886e+00  9.3484529886e+00  4.5186567251e+01  1.1714610774e-06  2.6136018878e-04  9.4982220411e-07  2.5716274642e-08  2.1191118967e-04  5.7374594211e-06
  2.1394217107e+00  9.4364217107e+00  4.5190535493e+01  2.2326805252e-06  4.7126605795e-04  1.8844943816e-06  5.2370257895e-08  3.9777219733e-04  1.1054122931e-05
  2.2744998758e+00  9.5714998758e+00  4.5196474174e+01  1.6183237228e-06  3.1620888269e-04  1.4081336631e-06  4.1518577589e-08  2.7513924811e-04  8.1124331588e-06
  2.2871867752e+00  9.5841867752e+00  4.5197022835e+01  2.0397035616e-06  3.9584030729e-04  1.8513105023e-06  4.7887629150e-08  3.5927932467e-04  9.2934356714e-06
  2.3714240563e+00  9.6684240563e+00  4.5200628074e+01  4.1838566706e-07  7.7745100839e-05  3.5909096780e-07  1.3036174592e-08  6.6726863992e-05  2.4224030315e-06
  2.3962381391e+00  9.6932381391e+00  4.5201677905e+01  3.2793675322e-07  6.0196953686e-05  2.6160895730e-07  1.1982544721e-08  4.8021644820e-05  2.1995481828e-06
  2.4887778765e+00  9.7857778765e+00  4.5205546223e+01  1.7524384654e-07  3.0797863765e-05  1.4295811430e-07  6.0511318569e-09  2.5123875191e-05  1.0634435287e-06
  2.5837430506e+00  9.8807430506e+00  4.5209442356e+01  1.1568280251e-07  1.9503556657e-05  1.0241240378e-07  4.1888759141e-09  1.7266232112e-05  7.0622406224e-07
  2.6859845346e+00  9.9829845346e+00  4.5213558335e+01  9.1546113403e-08  1.4807029236e-05  8.9368136975e-08  4.1029092447e-09  1.4454754743e-05  6.6362071398e-07


  6.5150960267e-01  7.9485096027e+00  9.0148403891e+01  4.8870739231e-09  1.3079869633e-05  4.9184219271e-09  4.0907263277e-10  1.3163770104e-05  1.0948507821e-06
  7.4442248415e-01  8.0414224841e+00  9.0158636496e+01  9.2985547953e-09  1.6628106111e-05  9.4136550514e-09  6.4372056991e-10  1.6833933717e-05  1.1511309207e-06
  8.3453678486e-01  8.1315367849e+00  9.0167967146e+01  1.6563530037e-08  2.1551251122e-05  1.4912181646e-08  8.3170207768e-10  1.9402637645e-05  1.0821497769e-06
  1.1190591629e+00  8.4160591629e+00  9.0194515457e+01  2.8471983194e-08  1.8219339231e-05  2.6717662876e-08  1.7679345695e-09  1.7096742439e-05  1.1313086075e-06
  1.2103861819e+00  8.5073861819e+00  9.0202300947e+01  4.1387653593e-08  2.2438569773e-05  4.0075496148e-08  2.2728644867e-09  2.1727175581e-05  1.2322473961e-06
  1.3039520656e+00  8.6009520656e+00  9.0209978726e+01  5.7206761544e-08  2.6731276226e-05  5.9054759678e-08  3.6907983944e-09  2.7594799125e-05  1.7246169633e-06
  1.3969582331e+00  8.6939582331e+00  9.0217342516e+01  8.0940700208e-08  3.3202184909e-05  8.5100677211e-08  4.3438561417e-09  3.4908623392e-05  1.7818664092e-06
  1.4898711146e+00  8.7868711146e+00  9.0224458375e+01  1.1627807013e-07  4.2488744648e-05  1.0854452391e-07  5.1851342045e-09  3.9662857790e-05  1.8946809398e-06
  1.5367939854e+00  8.8337939854e+00  9.0227967836e+01  1.2260594745e-07  4.2461034467e-05  1.1656684708e-07  5.2499723810e-09  4.0369566197e-05  1.8181765474e-06
  1.7887595405e+00  9.0857595405e+00  9.0245960144e+01  2.8007764393e-07  7.5979120911e-05  2.8939924186e-07  9.2411453696e-09  7.8507872603e-05  2.5069266205e-06
  1.7892259707e+00  9.0862259707e+00  9.0245992234e+01  2.8059280355e-07  7.6088898533e-05  2.6153968523e-07  1.2987755408e-08  7.0922227228e-05  3.5219149988e-06
  1.8636682191e+00  9.1606682191e+00  9.0251061371e+01  3.6093637682e-07  9.2126497054e-05  3.9293369345e-07  1.1399438634e-08  1.0029358933e-04  2.9096273393e-06
  1.9555549543e+00  9.2525549543e+00  9.0257181070e+01  5.8108510370e-07  1.3845055206e-04  6.4665546953e-07  2.2863358900e-08  1.5407348455e-04  5.4474717066e-06
  2.0514529886e+00  9.3484529886e+00  9.0263416834e+01  1.0764990476e-06  2.4017357446e-04  1.0621656725e-06  3.2013594104e-08  2.3697571011e-04  7.1424302180e-06
  2.1394217107e+00  9.4364217107e+00  9.0269010338e+01  1.8137948568e-06  3.8284919961e-04  2.0278233892e-06  6.4926011201e-08  4.2802556122e-04  1.3704345522e-05
  2.2744998758e+00  9.5714998758e+00  9.0277380585e+01  1.2333704538e-06  2.4099176675e-04  1.4934343274e-06  4.4763416181e-08  2.9180638793e-04  8.7464514155e-06
  2.2871867752e+00  9.5841867752e+00  9.0278153849e+01  1.3503701049e-06  2.6206304061e-04  1.4310040264e-06  4.0573172983e-08  2.7771146955e-04  7.8739369601e-06
  2.3714240563e+00  9.6684240563e+00  9.0283234764e+01  4.8045093694e-07  8.9278169596e-05  5.5457613624e-07  1.9901768146e-08  1.0305223393e-04  3.6981787217e-06
  2.3962381391e+00  9.6932381391e+00  9.0284714247e+01  3.7382579261e-07  6.8620469354e-05  4.3494492547e-07  1.8029472098e-08  7.9839662000e-05  3.3095384590e-06
  2.4887778765e+00  9.7857778765e+00  9.0290165468e+01  1.9301686121e-07  3.3921345105e-05  2.5054293199e-07  9.9385659312e-09  4.4031144255e-05  1.7466325102e-06
  2.5837430506e+00  9.8807430506e+00  9.0295655515e+01  1.2566709652e-07  2.1186859963e-05  1.7963170225e-07  7.1842783837e-09  3.0285029462e-05  1.2112343188e-06
  2.6859845346e+00  9.9829845346e+00  9.0301454941e+01  9.8610509923e-08  1.5949652575e-05  1.5634178493e-07  6.5980191260e-09  2.5287336558e-05  1.0671896213e-06


  6.5150960267e-01  7.9485096027e+00  1.3510484142e+02  3.8525384911e-09  1.0311016779e-05  3.9432337627e-09  4.3652620551e-10  1.0553755552e-05  1.1683281140e-06
  7.4442248415e-01  8.0414224841e+00  1.3511206328e+02  7.5558824307e-09  1.3511778721e-05  6.5040298264e-09  5.7913953971e-10  1.1630807204e-05  1.0356441330e-06
  8.3453678486e-01  8.1315367849e+00  1.3511864778e+02  1.3862941279e-08  1.8037442992e-05  1.3502330002e-08  7.8444469746e-10  1.7568242032e-05  1.0206619379e-06
  9.2940867288e-01  8.2264086729e+00  1.3512520568e+02  3.5505436724e-08  3.4996900090e-05  3.3944269280e-08  2.5584637669e-09  3.3458092907e-05  2.5218194479e-06
  1.1190591629e+00  8.4160591629e+00  1.3513737837e+02  2.2213048927e-08  1.4214221433e-05  2.0490634751e-08  1.5576053109e-09  1.3112041513e-05  9.9671804927e-07
  1.2103861819e+00  8.5073861819e+00  1.3514287010e+02  3.2860733955e-08  1.7815648089e-05  2.6733000127e-08  2.0166131256e-09  1.4493459680e-05  1.0933191518e-06
  1.3039520656e+00  8.6009520656e+00  1.3514828533e+02  4.5705102664e-08  2.1356841242e-05  4.3515686187e-08  3.2881818846e-09  2.0333782165e-05  1.5364844271e-06
  1.3969582331e+00  8.6939582331e+00  1.3515347862e+02  6.4103055635e-08  2.6295318683e-05  5.7426621510e-08  3.7027402804e-09  2.3556619861e-05  1.5188782299e-06
  1.4898711146e+00  8.7868711146e+00  1.3515849661e+02  8.8708845165e-08  3.2414774911e-05  7.7077332009e-08  4.5068966277e-09  2.8164546198e-05  1.6468486256e-06
  1.5367939854e+00  8.8337939854e+00  1.3516097127e+02  9.5042584008e-08  3.2915258349e-05  8.6373602472e-08  4.4359092141e-09  2.9913006570e-05  1.5362492436e-06
  1.7887595405e+00  9.0857595405e+00  1.3517365665e+02  2.5163143660e-07  6.8262268556e-05  2.4305554435e-07  6.1648533148e-09  6.5935810987e-05  1.6723938720e-06
  1.7892259707e+00  9.0862259707e+00  1.3517367928e+02  2.5198508283e-07  6.8331287036e-05  1.9689544876e-07  1.1604179561e-08  5.3392523376e-05  3.1467280343e-06
  1.8636682191e+00  9.1606682191e+00  1.3517725274e+02  3.1189732246e-07  7.9609619878e-05  2.9408644219e-07  1.0089457577e-08  7.5063516704e-05  2.5752637955e-06
  1.9555549543e+00  9.2525549543e+00  1.3518156649e+02  4.8972788224e-07  1.1668358941e-04  4.5117726302e-07  1.9847057618e-08  1.0749843825e-04  4.7288014550e-06
  2.0514529886e+00  9.3484529886e+00  1.3518596172e+02  8.7625351805e-07  1.9549756224e-04  8.1784443044e-07  2.6873018901e-08  1.8246613468e-04  5.9955361970e-06
  2.1394217107e+00  9.4364217107e+00  1.3518990397e+02  1.3230797927e-06  2.7927085456e-04  1.3092312638e-06  5.0167451366e-08  2.7634775761e-04  1.0589162567e-05
  2.2744998758e+00  9.5714998758e+00  1.3519580274e+02  8.2275264186e-07  1.6075998266e-04  7.7752902706e-07  2.7891559158e-08  1.5192361173e-04  5.4498112051e-06
  2.2871867752e+00  9.5841867752e+00  1.3519634766e+02  7.9201532858e-07  1.5370448773e-04  7.5420908307e-07  2.4692896177e-08  1.4636752165e-04  4.7920902795e-06
  2.3714240563e+00  9.6684240563e+00  1.3519992800e+02  5.7185196327e-07  1.0626245603e-04  4.9827782642e-07  1.6783575896e-08  9.2590791011e-05  3.1187511982e-06
  2.3962381391e+00  9.6932381391e+00  1.3520097050e+02  4.2112055446e-07  7.7302023224e-05  3.5903087446e-07  1.5371533455e-08  6.5904674330e-05  2.8216400826e-06
  2.4887778765e+00  9.7857778765e+00  1.3520481147e+02  1.9341441444e-07  3.3991212267e-05  1.9046704618e-07  8.0280232463e-09  3.3473233188e-05  1.4108681767e-06
  2.5837430506e+00  9.8807430506e+00  1.3520867954e+02  1.1434170826e-07  1.9277454703e-05  1.2069965185e-07  5.9413023072e-09  2.0349373003e-05  1.0016746106e-06
  2.6859845346e+00  9.9829845346e+00  1.3521276530e+02  8.0300374005e-08  1.2988099017e-05  9.5409335513e-08  5.3580258164e-09  1.5431882008e-05  8.6662821567e-07


  8.3453678486e-01  8.1315367849e+00  1.5008387714e+02  1.2819300185e-08  1.6679533703e-05  1.4666176338e-08  2.4751031872e-09  1.9082553570e-05  3.2204228337e-06
  1.1190591629e+00  8.4160591629e+00  1.5009711504e+02  1.8493129711e-08  1.1833829816e-05  1.8132577256e-08  2.5629224433e-09  1.1603110816e-05  1.6400246200e-06
  1.2103861819e+00  8.5073861819e+00  1.5010099614e+02  2.8212492575e-08  1.5295575568e-05  2.7698070307e-08  4.1893578820e-09  1.5016678386e-05  2.2712860232e-06
  1.3039520656e+00  8.6009520656e+00  1.5010482311e+02  3.9656091557e-08  1.8530290980e-05  4.1511336185e-08  6.1351676841e-09  1.9397199983e-05  2.8668090559e-06
  1.3969582331e+00  8.6939582331e+00  1.5010849315e+02  5.5455285307e-08  2.2747970208e-05  4.4423990743e-08  6.1160885051e-09  1.8222890972e-05  2.5088429053e-06
  1.4898711146e+00  8.7868711146e+00  1.5011203924e+02  7.4392193499e-08  2.7183379549e-05  7.7642580196e-08  8.3377768239e-09  2.8371091472e-05  3.0466765575e-06
  1.5367939854e+00  8.8337939854e+00  1.5011378799e+02  8.0493837792e-08  2.7876719620e-05  8.2898441087e-08  8.1395690574e-09  2.8709484633e-05  2.8189050326e-06
  1.7887595405e+00  9.0857595405e+00  1.5012275204e+02  2.4169527004e-07  6.5566797436e-05  2.4496464192e-07  1.4510203991e-08  6.6453708642e-05  3.9363104030e-06
  1.7892259707e+00  9.0862259707e+00  1.5012276802e+02  2.4197109144e-07  6.5615773432e-05  2.2086292679e-07  2.0881226621e-08  5.9891831201e-05  5.6624030036e-06
  1.8636682191e+00  9.1606682191e+00  1.5012529311e+02  2.9268404237e-07  7.4705563913e-05  3.2923521989e-07  1.9542786448e-08  8.4034997477e-05  4.9881601682e-06
  1.9555549543e+00  9.2525549543e+00  1.5012834125e+02  4.5412538347e-07  1.0820086360e-04  4.5648374190e-07  3.3910502886e-08  1.0876277101e-04  8.0795873360e-06
  2.0514529886e+00  9.3484529886e+00  1.5013144691e+02  8.0503164875e-07  1.7960752410e-04  8.0066939634e-07  4.7913840986e-08  1.7863427869e-04  1.0689873327e-05
  2.1394217107e+00  9.4364217107e+00  1.5013423245e+02  1.1839814668e-06  2.4991048752e-04  1.2125561947e-06  8.2856362271e-08  2.5594193681e-04  1.7489018595e-05
  2.2744998758e+00  9.5714998758e+00  1.5013840037e+02  6.9849085615e-07  1.3648011834e-04  8.2229881923e-07  4.8195902250e-08  1.6067130896e-04  9.4171346475e-06
  2.2871867752e+00  9.5841867752e+00  1.5013878538e+02  6.6135827814e-07  1.2834819185e-04  7.4366934979e-07  4.0275104423e-08  1.4432210125e-04  7.8160915200e-06
  2.3714240563e+00  9.6684240563e+00  1.5014131511e+02  5.8983940328e-07  1.0960491120e-04  3.3876105881e-07  1.9669042850e-08  6.2949127446e-05  3.6549333310e-06
  2.3962381391e+00  9.6932381391e+00  1.5014205169e+02  4.2734304571e-07  7.8444240477e-05  3.6180468018e-07  2.7130421795e-08  6.6413841580e-05  4.9801332977e-06
  2.4887778765e+00  9.7857778765e+00  1.5014476551e+02  1.9021289715e-07  3.3428568298e-05  1.6133853622e-07  1.3453091139e-08  2.8354104048e-05  2.3642854017e-06
  2.5837430506e+00  9.8807430506e+00  1.5014749843e+02  1.0939224596e-07  1.8442999482e-05  1.0986130836e-07  1.0000827622e-08  1.8522081117e-05  1.6860907923e-06
  2.6859845346e+00  9.9829845346e+00  1.5015038512e+02  7.3930114773e-08  1.1957748179e-05  9.1389855895e-08  9.8028868923e-09  1.4781755531e-05  1.5855575667e-06


  4.8657990944e-01  7.7835799094e+00  4.5090756096e+01  1.1603645768e-09  8.5744022492e-06  1.7429421800e-09  2.7071441754e-10  1.2879303322e-05  2.0004181075e-06
  5.6195501811e-01  7.8589550181e+00  4.5097539851e+01  2.6030867871e-09  1.1379502258e-05  2.5350924127e-09  1.4355222471e-10  1.1082262020e-05  6.2754452649e-07
  6.5552090177e-01  7.9525209018e+00  4.5105356844e+01  5.7255150975e-09  1.5030085677e-05  6.5768373766e-09  1.8607297139e-10  1.7264897143e-05  4.8846132697e-07
  7.4339633787e-01  8.0403963379e+00  4.5112205376e+01  1.0512975309e-08  1.8874972040e-05  1.0601945617e-08  1.3969856912e-10  1.9034709129e-05  2.5081449435e-07
  7.4936664351e-01  8.0463666435e+00  4.5112655626e+01  1.0924023174e-08  1.9165233046e-05  1.1687879040e-08  8.8660483971e-10  2.0505350643e-05  1.5554698211e-06
  7.6000125042e-01  8.0570012504e+00  4.5113453227e+01  1.1696553768e-08  1.9708439897e-05  1.3371469682e-08  8.8977067260e-10  2.2530636954e-05  1.4992443219e-06
  8.2063716705e-01  8.1176371671e+00  4.5117898336e+01  1.7202537674e-08  2.3417690716e-05  1.7434238845e-08  3.2328060030e-10  2.3733103853e-05  4.4007955430e-07
  8.2334246179e-01  8.1203424618e+00  4.5118092774e+01  1.7508921367e-08  2.3623606242e-05  1.9287129540e-08  1.9685623952e-09  2.6022822551e-05  2.6560484174e-06
  8.5869786549e-01  8.1556978655e+00  4.5120605193e+01  2.2267478110e-08  2.6862489971e-05  2.3379782541e-08  6.4072757265e-10  2.8204324302e-05  7.7294509550e-07
  8.7455648984e-01  8.1715564898e+00  4.5121715364e+01  2.5092245381e-08  2.8859787207e-05  2.3598099695e-08  1.5041422769e-09  2.7141299048e-05  1.7299857139e-06
  8.9041511419e-01  8.1874151142e+00  4.5122815548e+01  2.8653096806e-08  3.1465168938e-05  3.0360691926e-08  1.0229800068e-09  3.3340350853e-05  1.1233773073e-06
  9.0916560533e-01  8.2061656053e+00  4.5124103829e+01  3.4511018688e-08  3.5943954664e-05  3.4881484928e-08  8.9604180016e-10  3.6329803076e-05  9.3324645479e-07
  9.1410976468e-01  8.2111097647e+00  4.5124441313e+01  3.6529351730e-08  3.7530251988e-05  3.7729765823e-08  1.2181495143e-09  3.8763557297e-05  1.2515266783e-06
  9.1541576904e-01  8.2124157690e+00  4.5124530308e+01  3.7111727407e-08  3.7992138107e-05  3.8695808700e-08  1.5119752280e-09  3.9613798952e-05  1.5478441907e-06
  9.3743127108e-01  8.2344312711e+00  4.5126021094e+01  5.1945901143e-08  5.0123866884e-05  5.1103921674e-08  1.9063127282e-09  4.9311420360e-05  1.8394476431e-06
  9.4442772300e-01  8.2414277230e+00  4.5126491200e+01  6.0404518072e-08  5.7228524008e-05  6.6271757218e-08  2.6682001441e-09  6.2787271054e-05  2.5279095154e-06
  9.7222695862e-01  8.2692269586e+00  4.5128342156e+01  2.1948922893e-07  1.9379134577e-04  2.3513430074e-07  7.4364583804e-09  2.0760468656e-04  6.5657949791e-06
  9.7978312670e-01  8.2767831267e+00  4.5128840694e+01  6.1307457166e-07  5.3133439069e-04  6.5619450399e-07  3.9666454840e-08  5.6870521641e-04  3.4377794460e-05
  9.8183541926e-01  8.2788354193e+00  4.5128975769e+01  9.8042944877e-07  8.4547035903e-04  1.1522442917e-06  5.9195679083e-08  9.9363436729e-04  5.1047214167e-05
  9.8332799567e-01  8.2803279957e+00  4.5129073917e+01  1.5281782375e-06  1.3130487713e-03  1.9977483139e-06  8.5576526727e-08  1.7165150665e-03  7.3529481387e-05
  9.8454071400e-01  8.2815407140e+00  4.5129153607e+01  2.4001685620e-06  2.0562302923e-03  3.3750507445e-06  1.1213653403e-07  2.8914142486e-03  9.6067643667e-05
  9.8528700220e-01  8.2822870022e+00  4.5129202623e+01  3.3278694464e-06  2.8458491793e-03  5.5520443866e-06  1.6770659636e-07  4.7478668305e-03  1.4341538552e-04
  9.8612657643e-01  8.2831265764e+00  4.5129257744e+01  4.9925390537e-06  4.2607477415e-03  7.8913582459e-06  1.3474265152e-07  6.7346667622e-03  1.1499248018e-04
  9.8668629259e-01  8.2836862926e+00  4.5129294478e+01  6.5423033265e-06  5.5758135277e-03  9.8173798918e-06  2.2696093298e-07  8.3670653707e-03  1.9343215642e-04
  9.8724600874e-01  8.2842460087e+00  4.5129331202e+01  8.1989965278e-06  6.9783387961e-03  1.0626021557e-05  2.3901079415e-07  9.0440309648e-03  2.0342712573e-04
  9.8771243887e-01  8.2847124389e+00  4.5129361797e+01  9.1252543158e-06  7.7579726525e-03  1.0526423433e-05  2.3751674445e-07  8.9491977209e-03  2.0192844432e-04
  9.8845872707e-01  8.2854587271e+00  4.5129410734e+01  8.5808049117e-06  7.2820085796e-03  7.8823567808e-06  1.7139022135e-07  6.6892780217e-03  1.4544848358e-04
  9.8911172925e-01  8.2861117293e+00  4.5129453539e+01  6.6087506864e-06  5.5996483747e-03  5.5211277590e-06  8.6750620326e-08  4.6780965948e-03  7.3504508365e-05
  9.9013787553e-01  8.2871378755e+00  4.5129520776e+01  3.7839353289e-06  3.1982712550e-03  3.0085301443e-06  6.6783194795e-08  2.5428805314e-03  5.6446729043e-05
  9.9060430566e-01  8.2876043057e+00  4.5129551327e+01  2.9349767089e-06  2.4779389555e-03  2.2825370269e-06  4.9574473473e-08  1.9270978877e-03  4.1854682745e-05
  9.9172373797e-01  8.2887237380e+00  4.5129624619e+01  1.6862186343e-06  1.4198284487e-03  1.3324726826e-06  2.8023752832e-08  1.1219675690e-03  2.3596537662e-05
  9.9312302835e-01  8.2901230284e+00  4.5129716177e+01  9.4669102473e-07  7.9447175692e-04  8.4429524281e-07  1.3832579527e-08  7.0854028124e-04  1.1608427113e-05
  9.9358945848e-01  8.2905894585e+00  4.5129746682e+01  8.0001037752e-07  6.7062952921e-04  7.8862556142e-07  1.7437597652e-08  6.6108591068e-04  1.4617520263e-05
  9.9470889079e-01  8.2917088908e+00  4.5129819865e+01  5.5545500501e-07  4.6438475588e-04  6.9620765317e-07  1.6690659801e-08  5.8206014555e-04  1.3954123930e-05
  9.9554846502e-01  8.2925484650e+00  4.5129874725e+01  4.3550912212e-07  3.6337856298e-04  6.0438804737e-07  1.5704728138e-08  5.0428716410e-04  1.3103655591e-05
  9.9620146720e-01  8.2932014672e+00  4.5129917378e+01  3.6584495763e-07  3.0477941674e-04  5.3218739866e-07  1.5127108132e-08  4.4335656834e-04  1.2602144972e-05
  9.9918662002e-01  8.2961866200e+00  4.5130112186e+01  1.8715026149e-07  1.5481384505e-04  2.8312113675e-07  1.2189246267e-08  2.3420256775e-04  1.0083149593e-05
  1.0024516309e+00  8.2994516309e+00  4.5130324926e+01  1.0638855894e-07  8.7332374841e-05  1.5156786509e-07  9.3539878896e-09  1.2441922083e-04  7.6785134115e-06
  1.0069293601e+00  8.3039293601e+00  4.5130616123e+01  5.9306585785e-08  4.8176385476e-05  8.3500967253e-08  5.5259018162e-09  6.7830152972e-05  4.4888433970e-06
  1.0099145130e+00  8.3069145130e+00  4.5130809895e+01  4.4051859917e-08  3.5537104678e-05  5.2460390152e-08  6.2080120009e-09  4.2320355594e-05  5.0080694148e-06
  1.0126198077e+00  8.3096198077e+00  4.5130985256e+01  3.5451246123e-08  2.8420483919e-05  4.4742447228e-08  1.1173163986e-09  3.5869035393e-05  8.9572797042e-07
  1.0163512487e+00  8.3133512487e+00  4.5131226750e+01  2.8165042552e-08  2.2386283591e-05  2.5951016601e-08  1.3652664528e-09  2.0626520128e-05  1.0851480850e-06
  1.0432176241e+00  8.3402176241e+00  4.5132952623e+01  1.8978915398e-08  1.4202862345e-05  1.9009116746e-08  1.1570766715e-09  1.4225463510e-05  8.6589777885e-07
  1.0573971000e+00  8.3543971000e+00  4.5133854576e+01  2.0468641469e-08  1.4854044175e-05  2.0920378753e-08  1.1351371623e-09  1.5181868842e-05  8.2376632459e-07
  1.0574903860e+00  8.3544903860e+00  4.5133860490e+01  2.0481239988e-08  1.4860216529e-05  2.1926066306e-08  1.0037000380e-09  1.5908513993e-05  7.2823715282e-07
  1.0725094361e+00  8.3695094361e+00  4.5134809259e+01  2.3434121336e-08  1.6470709691e-05  2.6445897492e-08  1.0285622029e-09  1.8587541382e-05  7.2292659067e-07
  1.1054394032e+00  8.4024394032e+00  4.5136866586e+01  2.8509944855e-08  1.8738155513e-05  2.8763996361e-08  1.3490901720e-09  1.8905130814e-05  8.8668924380e-07
  1.1165404402e+00  8.4135404402e+00  4.5137553235e+01  3.0232112702e-08  1.9440749893e-05  3.3094297556e-08  1.3351219321e-09  2.1281276900e-05  8.5854970888e-07
  1.1511495557e+00  8.4481495557e+00  4.5139672416e+01  3.5641790155e-08  2.1460983722e-05  3.9224639283e-08  1.4544974110e-09  2.3618323926e-05  8.7579622476e-07
  1.1976059964e+00  8.4946059964e+00  4.5142467756e+01  4.3156874472e-08  2.3915137619e-05  4.7901548500e-08  1.5758136175e-09  2.6544371865e-05  8.7322819331e-07
  1.1990052868e+00  8.4960052868e+00  4.5142551107e+01  4.3392094727e-08  2.3987496992e-05  4.7682420206e-08  2.3681936883e-09  2.6359223229e-05  1.3091564105e-06
  1.1990985728e+00  8.4960985728e+00  4.5142556662e+01  4.3407794849e-08  2.3992318138e-05  4.7134910144e-08  2.7564216724e-09  2.6052366021e-05  1.5235269591e-06
  1.2292299591e+00  8.5262299591e+00  4.5144339817e+01  4.8575145383e-08  2.5518084110e-05  5.6319772330e-08  1.9071877657e-09  2.9586585404e-05  1.0019069925e-06
  1.2535776118e+00  8.5505776118e+00  4.5145764853e+01  5.2976142326e-08  2.6752150269e-05  6.0019929042e-08  1.7966164498e-09  3.0309155978e-05  9.0726412172e-07
  1.3053513560e+00  8.6023513560e+00  4.5148749994e+01  6.3244901471e-08  2.9491320333e-05  6.8155432391e-08  2.4234590811e-09  3.1781118198e-05  1.1300675060e-06
  1.3531138011e+00  8.6501138011e+00  4.5151451997e+01  7.4392022468e-08  3.2384716183e-05  8.1236089942e-08  2.2490942456e-09  3.5364110684e-05  9.7908722463e-07
  1.3541399474e+00  8.6511399474e+00  4.5151509522e+01  7.4661020755e-08  3.2455375223e-05  8.2121644188e-08  2.8989378274e-09  3.5698531163e-05  1.2601771847e-06
  1.3795137463e+00  8.6765137463e+00  4.5152925127e+01  8.1945444753e-08  3.4404984292e-05  9.2029398857e-08  4.7387975493e-09  3.8638755718e-05  1.9895950987e-06
  1.3992903837e+00  8.6962903837e+00  4.5154019501e+01  8.9295093443e-08  3.6516938468e-05  9.7200661802e-08  2.3862324632e-09  3.9749894974e-05  9.7584201626e-07
  1.3999433859e+00  8.6969433859e+00  4.5154055504e+01  8.9588023561e-08  3.6605319363e-05  9.1737496911e-08  2.5056407118e-09  3.7483585847e-05  1.0237950880e-06
  1.4246641827e+00  8.7216641827e+00  4.5155412388e+01  1.0696405816e-07  4.2330422098e-05  1.1443057326e-07  3.7125258158e-09  4.5285253292e-05  1.4692111307e-06
  1.4269963333e+00  8.7239963333e+00  4.5155539789e+01  1.0988478648e-07  4.3357571675e-05  1.1781325821e-07  2.7602531950e-09  4.6485932683e-05  1.0891214296e-06
  1.4364182219e+00  8.7334182219e+00  4.5156053436e+01  1.2660300494e-07  4.9363772427e-05  1.2577154830e-07  4.7781248019e-09  4.9039579203e-05  1.8630384441e-06
  1.4644973156e+00  8.7614973156e+00  4.5157574340e+01  1.3859123197e-07  5.2199229973e-05  1.2705890702e-07  4.9350992860e-09  4.7855676103e-05  1.8587639270e-06
  1.4820350884e+00  8.7790350884e+00  4.5158516919e+01  1.2403964383e-07  4.5746243883e-05  1.2705507845e-07  5.3597941081e-09  4.6858346459e-05  1.9767103553e-06
  1.4909905469e+00  8.7879905469e+00  4.5158996095e+01  1.2313437775e-07  4.4934960336e-05  1.3461463415e-07  6.1815278786e-09  4.9124406657e-05  2.2558014675e-06
  1.4920166932e+00  8.7890166932e+00  4.5159050909e+01  1.2317494756e-07  4.4895689479e-05  1.2774936243e-07  4.9159626150e-09  4.6563005064e-05  1.7918053584e-06
  1.5202823589e+00  8.8172823589e+00  4.5160553477e+01  1.2980099603e-07  4.5793965947e-05  1.3401100117e-07  3.2473044381e-09  4.7279261421e-05  1.1456533725e-06
  1.5203756449e+00  8.8173756449e+00  4.5160558413e+01  1.2983456247e-07  4.5800964519e-05  1.3600074958e-07  4.3078511024e-09  4.7976173583e-05  1.5196549496e-06
  1.5521861797e+00  8.8491861797e+00  4.5162232839e+01  1.4382263419e-07  4.8971039930e-05  1.5071697615e-07  6.6802936952e-09  5.1318536187e-05  2.2746136666e-06
  1.5669253717e+00  8.8639253717e+00  4.5163002882e+01  1.5204896138e-07  5.0952206813e-05  1.5986549053e-07  6.9924986491e-09  5.3571556566e-05  2.3432138836e-06
  1.5818511358e+00  8.8788511358e+00  4.5163779007e+01  1.6180606515e-07  5.3366958363e-05  1.7916030145e-07  7.1256259818e-09  5.9090741370e-05  2.3501775704e-06
  1.5857691489e+00  8.8827691489e+00  4.5163982136e+01  1.6466480841e-07  5.4086150885e-05  1.7299152745e-07  5.5369226094e-09  5.6821162612e-05  1.8186692990e-06
  1.6627301200e+00  8.9597301200e+00  4.5167922694e+01  3.9154363646e-07  1.1901656833e-04  4.0343027230e-07  9.4282927789e-09  1.2262972016e-04  2.8658952599e-06
  1.6671145632e+00  8.9641145632e+00  4.5168144426e+01  4.8964254419e-07  1.4820867742e-04  4.7752835467e-07  1.2990044391e-08  1.4454186369e-04  3.9319240569e-06
  1.6718721505e+00  8.9688721505e+00  4.5168384700e+01  7.2040417891e-07  2.1706600740e-04  7.2916756407e-07  1.3914955970e-08  2.1970651544e-04  4.1927351671e-06
  1.6761633077e+00  8.9731633077e+00  4.5168601127e+01  1.3257040421e-06  3.9781946596e-04  1.2005172008e-06  1.9633976423e-08  3.6025319115e-04  5.8917961834e-06
  1.6776558841e+00  8.9746558841e+00  4.5168676341e+01  1.8193632822e-06  5.4518389394e-04  1.8878012988e-06  2.9649819134e-08  5.6569178521e-04  8.8847587551e-06
  1.6795216046e+00  8.9765216046e+00  4.5168770312e+01  3.0073014662e-06  8.9956413339e-04  2.9709407470e-06  3.8750536157e-08  8.8868767179e-04  1.1591319616e-05
  1.6818537552e+00  8.9788537552e+00  4.5168887703e+01  5.9073119839e-06  1.7631396636e-03  5.8026124088e-06  7.0478765047e-08  1.7318902604e-03  2.1035609163e-05
  1.6838127618e+00  8.9808127618e+00  4.5168986248e+01  5.6838512737e-06  1.6933095354e-03  5.6902024335e-06  4.6707202635e-08  1.6952016467e-03  1.3914817222e-05
  1.6853053382e+00  8.9823053382e+00  4.5169061292e+01  3.3844345209e-06  1.0068597302e-03  3.2533835871e-06  3.0932506744e-08  9.6787244682e-04  9.2023335665e-06
  1.6878240609e+00  8.9848240609e+00  4.5169187854e+01  1.3455183210e-06  3.9934107317e-04  1.3636107763e-06  2.1762074241e-08  4.0471079603e-04  6.4588418797e-06
  1.6899696395e+00  8.9869696395e+00  4.5169295592e+01  7.4787162823e-07  2.2151722227e-04  7.6346026720e-07  1.2213772904e-08  2.2613452806e-04  3.6176810899e-06
  1.6915555019e+00  8.9885555019e+00  4.5169375181e+01  5.3948972003e-07  1.5955813859e-04  6.0989140772e-07  9.1384250720e-09  1.8037996674e-04  2.7027578839e-06
  1.6930480783e+00  8.9900480783e+00  4.5169450054e+01  4.2392662601e-07  1.2520473494e-04  4.8238197104e-07  8.0980495015e-09  1.4246924614e-04  2.3917208290e-06
  1.6949137988e+00  8.9919137988e+00  4.5169543599e+01  3.3690745744e-07  9.9331017463e-05  4.0679100222e-07  9.9857742354e-09  1.1993490572e-04  2.9441233581e-06
  1.6951936569e+00  8.9921936569e+00  4.5169557626e+01  3.2736276149e-07  9.6491775107e-05  3.1817208618e-07  6.0909217123e-09  9.3782778605e-05  1.7953289659e-06
  1.6992982420e+00  8.9962982420e+00  4.5169763229e+01  2.4350993035e-07  7.1502420635e-05  2.3870209038e-07  5.6373477013e-09  7.0090682743e-05  1.6553082908e-06
  1.7054551197e+00  9.0024551197e+00  4.5170071170e+01  2.0295598218e-07  5.9256239815e-05  1.9175545797e-07  4.8147726766e-09  5.5986067920e-05  1.4057497656e-06
  1.7073208402e+00  9.0043208402e+00  4.5170164376e+01  1.9818062468e-07  5.7762713175e-05  1.7902427166e-07  3.7933254006e-09  5.2179306991e-05  1.1056215381e-06
  1.7089067026e+00  9.0059067026e+00  4.5170243561e+01  1.9549082808e-07  5.6895769674e-05  1.8041622589e-07  5.3418718260e-09  5.2508448271e-05  1.5547016299e-06
  1.7470606871e+00  9.0440606871e+00  4.5172137771e+01  2.1862408399e-07  6.1481267471e-05  2.1531282995e-07  4.6125676920e-09  6.0550079601e-05  1.2971421210e-06
  1.7545235692e+00  9.0515235692e+00  4.5172505862e+01  2.2693688502e-07  6.3401995240e-05  2.1789600848e-07  5.7223807977e-09  6.0876140479e-05  1.5987280343e-06
  1.7748599227e+00  9.0718599227e+00  4.5173504977e+01  2.5089613454e-07  6.8872342140e-05  2.6562375477e-07  1.0471801339e-08  7.2915153326e-05  2.8745659473e-06
  1.7990210034e+00  9.0960210034e+00  4.5174684627e+01  2.8213702961e-07  7.5880739505e-05  3.0041898045e-07  7.1211529923e-09  8.0797669234e-05  1.9152337285e-06
  1.8478095947e+00  9.1448095947e+00  4.5177042921e+01  3.3568646853e-07  8.6761144992e-05  3.6224555538e-07  7.7490519162e-09  9.3625576541e-05  2.0028111940e-06
  1.8656272256e+00  9.1626272256e+00  4.5177896439e+01  3.6658268271e-07  9.3424345171e-05  3.9027587209e-07  1.4815568138e-08  9.9462602862e-05  3.7757777902e-06
  1.8931466032e+00  9.1901466032e+00  4.5179206772e+01  4.2225180611e-07  1.0535164145e-04  4.7030000796e-07  9.0977697100e-09  1.1733964685e-04  2.2698895744e-06
  1.9410956203e+00  9.2380956203e+00  4.5181467435e+01  5.5123600149e-07  1.3271609087e-04  5.8947297823e-07  9.1587537114e-09  1.4192206085e-04  2.2050700364e-06
  1.9570475307e+00  9.2540475307e+00  4.5182213355e+01  6.0645423891e-07  1.4434069838e-04  6.3986466479e-07  1.9267522069e-08  1.5229263258e-04  4.5858160649e-06
  1.9862460567e+00  9.2832460567e+00  4.5183570905e+01  7.2937956904e-07  1.7005689762e-04  7.6072589656e-07  1.1223987679e-08  1.7736538203e-04  2.6169042906e-06
  2.0323293533e+00  9.3293293533e+00  4.5185693463e+01  1.0016337885e-06  2.2631421320e-04  1.0159554339e-06  2.8102798548e-08  2.2955011833e-04  6.3496886939e-06
  2.0346615040e+00  9.3316615040e+00  4.5185800241e+01  1.0186034247e-06  2.2979107626e-04  1.0109815541e-06  1.3917150203e-08  2.2807162607e-04  3.1396290707e-06
  2.0802783705e+00  9.3772783705e+00  4.5187876710e+01  1.4244992964e-06  3.1194314129e-04  1.4224371106e-06  1.5307848709e-08  3.1149155473e-04  3.3521802535e-06
  2.1069581738e+00  9.4039581738e+00  4.5189080687e+01  1.7248196950e-06  3.7140412723e-04  1.7722625580e-06  4.5812440436e-08  3.8161996321e-04  9.8647583310e-06
  2.1246825187e+00  9.4216825187e+00  4.5189876347e+01  1.9428772978e-06  4.1379711155e-04  2.1509133994e-06  7.3115152339e-08  4.5810497290e-04  1.5572181981e-05
  2.1416605753e+00  9.4386605753e+00  4.5190635419e+01  2.1684181744e-06  4.5708214941e-04  2.3168472395e-06  7.7675509123e-08  4.8836959982e-04  1.6373266506e-05
  2.1452987303e+00  9.4422987303e+00  4.5190797687e+01  2.2218895988e-06  4.6732615897e-04  2.3565921487e-06  2.1667527980e-08  4.9565791104e-04  4.5572933196e-06
  2.1598513503e+00  9.4568513503e+00  4.5191445398e+01  2.4976667989e-06  5.2077246775e-04  2.8008178482e-06  8.8099536573e-08  5.8398054664e-04  1.8369068720e-05
  2.1710456734e+00  9.4680456734e+00  4.5191942163e+01  2.9450797641e-06  6.1000352348e-04  3.1655298540e-06  1.0087952282e-07  6.5566453858e-04  2.0894803977e-05
  2.1744039703e+00  9.4714039703e+00  4.5192090944e+01  3.2095514661e-06  6.6347050296e-04  3.3682667600e-06  1.0594784202e-07  6.9627973410e-04  2.1901274611e-05
  2.1771092650e+00  9.4741092650e+00  4.5192210712e+01  3.5234453763e-06  7.2720267385e-04  3.6525030779e-06  1.1210948223e-07  7.5383884829e-04  2.3138237303e-05
  2.1808407061e+00  9.4778407061e+00  4.5192375788e+01  4.2188476722e-06  8.6882757142e-04  4.0361188282e-06  1.2751392407e-07  8.3119647637e-04  2.6260159546e-05
  2.1846654331e+00  9.4816654331e+00  4.5192544846e+01  5.4472903647e-06  1.1193130766e-03  4.9892161964e-06  1.5742865448e-07  1.0251876726e-03  3.2348551262e-05
  2.1871841558e+00  9.4841841558e+00  4.5192656096e+01  6.4274531985e-06  1.3187844063e-03  6.4879457076e-06  1.9678511797e-07  1.3311962551e-03  4.0376357004e-05
  2.1885834462e+00  9.4855834462e+00  4.5192717875e+01  6.7602261451e-06  1.3859363164e-03  5.5069908302e-06  1.6686947490e-07  1.1290064004e-03  3.4210462845e-05
  2.1912887409e+00  9.4882887409e+00  4.5192837257e+01  6.2522176517e-06  1.2797796837e-03  6.4789633926e-06  1.8793863745e-07  1.3261927500e-03  3.8469558066e-05
  2.1924081732e+00  9.4894081732e+00  4.5192886635e+01  5.6510718368e-06  1.1559808881e-03  6.1629066657e-06  1.7104277329e-07  1.2606816063e-03  3.4988438065e-05
  2.1942738938e+00  9.4912738938e+00  4.5192968904e+01  4.5630111663e-06  9.3240186243e-04  5.2127657499e-06  1.6975031269e-07  1.0651721673e-03  3.4686636069e-05
  2.1942738938e+00  9.4912738938e+00  4.5192968904e+01  4.5630111663e-06  9.3240186243e-04  5.0835646922e-06  1.2462932794e-07  1.0387713319e-03  2.5466652008e-05
  2.1956731841e+00  9.4926731841e+00  4.5193030583e+01  3.8691383126e-06  7.8997833629e-04  3.9177658823e-06  1.2999588468e-07  7.9990683290e-04  2.6541809676e-05
  2.1971657605e+00  9.4941657605e+00  4.5193096353e+01  3.3003644473e-06  6.7326996529e-04  3.3472876047e-06  1.0991983643e-07  6.8284222710e-04  2.2423500688e-05
  2.1992180531e+00  9.4962180531e+00  4.5193186749e+01  2.7638547775e-06  5.6315723096e-04  2.5909600825e-06  8.8074753552e-08  5.2792857188e-04  1.7945926368e-05
  2.2013636317e+00  9.4983636317e+00  4.5193281210e+01  2.4115140758e-06  4.9075982822e-04  2.2580143936e-06  8.0968500286e-08  4.5952157902e-04  1.6477650987e-05
  2.2027629221e+00  9.4997629221e+00  4.5193342791e+01  2.2552483660e-06  4.5859048978e-04  2.1794963966e-06  7.7519707678e-08  4.4318680598e-04  1.5763142210e-05
  2.2119049526e+00  9.5089049526e+00  4.5193744638e+01  1.8228519668e-06  3.6873575353e-04  1.9628135269e-06  7.2489933495e-08  3.9704788874e-04  1.4663631901e-05
  2.2405437624e+00  9.5375437624e+00  4.5194998171e+01  1.5420557921e-06  3.0695626628e-04  1.9259646177e-06  6.8531744086e-08  3.8337582276e-04  1.3641690783e-05
  2.2772051705e+00  9.5742051705e+00  4.5196591295e+01  1.5739118533e-06  3.0708328288e-04  1.9258664905e-06  7.1807591641e-08  3.7575255757e-04  1.4010257900e-05
  2.2839217643e+00  9.5809217643e+00  4.5196881780e+01  1.7450389940e-06  3.3924680096e-04  2.0709331679e-06  7.2959651243e-08  4.0260272386e-04  1.4183825329e-05
  2.2898920700e+00  9.5868920700e+00  4.5197139633e+01  2.0628177769e-06  3.9974920646e-04  2.2289178450e-06  7.6904124844e-08  4.3193739640e-04  1.4903091889e-05
  2.2953959455e+00  9.5923959455e+00  4.5197377046e+01  2.6730057459e-06  5.1648410918e-04  2.7178083008e-06  9.1391893756e-08  5.2514095838e-04  1.7658944769e-05
  2.2978213822e+00  9.5948213822e+00  4.5197481579e+01  3.1384383178e-06  6.0563783327e-04  3.0914344997e-06  1.1228932770e-07  5.9656730593e-04  2.1668950682e-05
  2.3022991114e+00  9.5992991114e+00  4.5197674418e+01  4.6421425427e-06  8.9369900296e-04  4.4915454063e-06  1.4229851818e-07  8.6470624596e-04  2.7395118235e-05
  2.3066835546e+00  9.6036835546e+00  4.5197863060e+01  7.4312523237e-06  1.4273592422e-03  7.0542673601e-06  2.4037572537e-07  1.3549497816e-03  4.6170214420e-05
  2.3092022773e+00  9.6062022773e+00  4.5197971348e+01  9.1251108728e-06  1.7503936881e-03  9.0515704802e-06  3.1112599817e-07  1.7362870498e-03  5.9680697693e-05
  2.3106015677e+00  9.6076015677e+00  4.5198031482e+01  9.4871437382e-06  1.8185065378e-03  9.4947403228e-06  2.9711432303e-07  1.8199626598e-03  5.6951212482e-05
  2.3115344279e+00  9.6085344279e+00  4.5198071562e+01  9.3435834003e-06  1.7901149618e-03  9.0465730084e-06  2.1344506615e-07  1.7332114459e-03  4.0893433500e-05
  2.3115344279e+00  9.6085344279e+00  4.5198071562e+01  9.3435834003e-06  1.7901149618e-03  9.5126146100e-06  3.2076381449e-07  1.8224992500e-03  6.1454377718e-05
  2.3138665786e+00  9.6108665786e+00  4.5198171726e+01  7.8273414154e-06  1.4977958513e-03  7.9435493143e-06  2.4087019687e-07  1.5200327385e-03  4.6091560648e-05
  2.3151725829e+00  9.6121725829e+00  4.5198227796e+01  6.6605669193e-06  1.2736605165e-03  6.5772152394e-06  2.2407645211e-07  1.2577216715e-03  4.2848804492e-05
  2.3179711637e+00  9.6149711637e+00  4.5198347893e+01  4.4745213241e-06  8.5439002494e-04  4.7855789282e-06  1.5352407483e-07  9.1378509648e-04  2.9314741986e-05
  2.3198368842e+00  9.6168368842e+00  4.5198427918e+01  3.4508249246e-06  6.5828110647e-04  3.9329885629e-06  1.4845590988e-07  7.5025888578e-04  2.8319524390e-05
  2.3220757488e+00  9.6190757488e+00  4.5198523905e+01  2.6027409079e-06  4.9592375321e-04  2.7296327476e-06  1.0622415024e-07  5.2010160250e-04  2.0239847582e-05
  2.3245011855e+00  9.6215011855e+00  4.5198627840e+01  2.0006190040e-06  3.8071753433e-04  2.2983689691e-06  7.5151597548e-08  4.3737931367e-04  1.4301339167e-05
  2.3293520588e+00  9.6263520588e+00  4.5198835548e+01  1.3318275413e-06  2.5281263781e-04  1.5262737936e-06  7.3094205895e-08  2.8972317496e-04  1.3875023926e-05
  2.3696516219e+00  9.6666516219e+00  4.5200552877e+01  4.4217015910e-07  8.2237362656e-05  4.8458518592e-07  2.2167511786e-08  9.0125954573e-05  4.1228420064e-06
  2.4142423421e+00  9.7112423421e+00  4.5202436249e+01  2.9170209066e-07  5.3080596097e-05  3.2777326900e-07  1.6035951991e-08  5.9644414835e-05  2.9180383614e-06
  2.4245970909e+00  9.7215970909e+00  4.5202871122e+01  2.6968600506e-07  4.8831556485e-05  3.3015320501e-07  8.8464764894e-09  5.9780242864e-05  1.6018154753e-06
  2.5209615553e+00  9.8179615553e+00  4.5206874762e+01  1.5127555606e-07  2.6205163713e-05  1.7225770439e-07  7.0512409789e-09  2.9839859537e-05  1.2214724510e-06
  2.5462420683e+00  9.8432420683e+00  4.5207912443e+01  1.3503413597e-07  2.3134108483e-05  1.6847714534e-07  9.6337933699e-09  2.8863579786e-05  1.6504657828e-06
  2.6366362271e+00  9.9336362271e+00  4.5211581597e+01  1.0095197367e-07  1.6652036041e-05  1.3101136520e-07  7.6759350287e-09  2.1610335051e-05  1.2661460900e-06


  1.8719706754e-01  7.4841970675e+00  0.0000000000e+00  3.9650771525e-11  4.0928614636e-05  6.9771000000e-11  4.1669000000e-11  7.2019541158e-05  4.3011885461e-05
  2.0230007508e-01  7.4993000751e+00  0.0000000000e+00  7.5342488381e-11  4.6556921124e-05  8.5782000000e-11  6.1504000000e-11  5.3007882985e-05  3.8005605315e-05
  2.1350372675e-01  7.5105037268e+00  0.0000000000e+00  1.3349117937e-10  5.8528051832e-05  1.1564000000e-10  4.7899000000e-11  5.0701356792e-05  2.1000901842e-05
  2.2340137407e-01  7.5204013741e+00  0.0000000000e+00  2.4786375077e-10  8.2107931455e-05  2.5360000000e-10  1.6001000000e-10  8.4008134921e-05  5.3005290492e-05
  2.3149860109e-01  7.5284986011e+00  0.0000000000e+00  4.6607605567e-10  1.2451063038e-04  3.2572000000e-10  2.0217000000e-10  8.7014988294e-05  5.4009026720e-05
  3.0739611150e-01  7.6043961115e+00  0.0000000000e+00  1.1531509485e-09  6.4629033082e-05  1.3563000000e-09  4.1046000000e-10  7.6014642905e-05  2.3004475652e-05
  3.1679934288e-01  7.6137993429e+00  0.0000000000e+00  1.1593104308e-09  5.5867971404e-05  8.0939000000e-10  4.9809000000e-10  3.9005063851e-05  2.4003301565e-05
  3.2959818559e-01  7.6265981856e+00  0.0000000000e+00  1.2774383194e-09  5.0686363925e-05  1.1847000000e-09  3.2768000000e-10  4.7006680817e-05  1.3001729695e-05
  3.3989696281e-01  7.6368969628e+00  0.0000000000e+00  1.4449778685e-09  4.9455317297e-05  1.0462000000e-09  2.3378000000e-10  3.5806882640e-05  8.0012741575e-06
  3.4680012871e-01  7.6438001287e+00  0.0000000000e+00  1.5907403416e-09  4.9503919141e-05  1.1891000000e-09  4.1779000000e-10  3.7004851585e-05  1.3001645735e-05
  3.5169764505e-01  7.6486976450e+00  0.0000000000e+00  1.7103521460e-09  4.9843582723e-05  7.2071000000e-10  4.1183000000e-10  2.1003141714e-05  1.2001670370e-05
  3.5989748670e-01  7.6568974867e+00  0.0000000000e+00  1.9418210584e-09  5.0861595751e-05  1.6037000000e-09  3.4366000000e-10  4.2005281978e-05  9.0013937797e-06
  3.7610126934e-01  7.6731012693e+00  0.0000000000e+00  2.5197248014e-09  5.4046877722e-05  2.2847000000e-09  5.5951000000e-10  4.9005709457e-05  1.2001218759e-05
  3.8779933695e-01  7.6847993369e+00  0.0000000000e+00  3.0451423876e-09  5.7022123939e-05  2.4408000000e-09  4.2727000000e-10  4.5705449006e-05  8.0008879043e-06
  4.0629795582e-01  7.7032979558e+00  0.0000000000e+00  4.0847284695e-09  6.2512636173e-05  3.7250000000e-09  7.1886000000e-10  5.7007355932e-05  1.1001424936e-05
  4.2260435309e-01  7.7196043531e+00  0.0000000000e+00  5.2383523391e-09  6.7910569817e-05  4.3970000000e-09  8.4855000000e-10  5.7003186528e-05  1.1000694548e-05
  4.3320164560e-01  7.7302016456e+00  0.0000000000e+00  6.1197577972e-09  7.1616559779e-05  5.4694000000e-09  1.0255000000e-09  6.4005737650e-05  1.2000929528e-05
  4.4350042283e-01  7.7405004228e+00  0.0000000000e+00  7.0843545090e-09  7.5340236882e-05  6.3007000000e-09  2.0689000000e-09  6.7006278400e-05  2.2002204419e-05
  4.5710152536e-01  7.7541015254e+00  0.0000000000e+00  8.5386993486e-09  8.0460698508e-05  1.0613000000e-08  1.6981000000e-09  1.0000696340e-04  1.6001302606e-05
  4.7259633420e-01  7.7695963342e+00  0.0000000000e+00  1.0448990974e-08  8.6383571524e-05  1.1856000000e-08  4.3551000000e-09  9.8015552561e-05  3.6004346572e-05
  4.8189695096e-01  7.7788969510e+00  0.0000000000e+00  1.1740511207e-08  9.0025277801e-05  2.8303000000e-08  7.6953000000e-09  2.1702508458e-04  5.9006929772e-05


  4.7899575556e-01  7.7759957556e+00  0.0000000000e+00  1.1326652746e-08  8.8891837928e-05  2.4213000000e-08  8.9206000000e-09  1.9002419514e-04  7.0009079220e-05
  5.7399824401e-01  7.8709982440e+00  0.0000000000e+00  3.1496527770e-08  1.2795920134e-04  6.4004000000e-08  4.9234000000e-09  2.6002551082e-04  2.0002024873e-05
  6.1300113131e-01  7.9100011313e+00  0.0000000000e+00  4.4436539160e-08  1.4474713683e-04  6.7544000000e-08  6.1404000000e-09  2.2001714794e-04  2.0001677354e-05
  6.7599718438e-01  7.9729971844e+00  0.0000000000e+00  7.2593501538e-08  1.7314971319e-04  1.0063000000e-07  8.3859000000e-09  2.4002225087e-04  2.0002013253e-05
  7.8000177431e-01  8.0770017743e+00  0.0000000000e+00  1.4618830130e-07  2.2888325753e-04  1.6607000000e-07  1.9162000000e-08  2.6001152103e-04  3.0001449786e-05
  7.8000177431e-01  8.0770017743e+00  0.0000000000e+00  1.4618830130e-07  2.2888325753e-04  1.9801000000e-07  1.9162000000e-08  3.1001915626e-04  3.0001449786e-05
  8.7700058371e-01  8.1740005837e+00  0.0000000000e+00  2.8507497841e-07  3.2551843817e-04  3.6784000000e-07  1.7516000000e-08  4.2002529637e-04  2.0000987090e-05
  1.0280120019e+00  8.3250120019e+00  0.0000000000e+00  2.4758697514e-07  1.9164521757e-04  3.8759000000e-07  6.4598000000e-08  3.0001485271e-04  5.0002217434e-05
  1.0990026674e+00  8.3960026674e+00  0.0000000000e+00  3.0768431168e-07  2.0483861746e-04  4.3563000000e-07  4.5065000000e-08  2.9001753920e-04  3.0001699617e-05
  1.2019904396e+00  8.4989904396e+00  0.0000000000e+00  4.8755204185e-07  2.6814236152e-04  4.1823000000e-07  9.0920000000e-08  2.3001683971e-04  5.0003899927e-05


