PHYSICAL LEVEL PARAMETERS (BOUNDARY CONDITION SET TO SHIFT AT E_LEVEL)

J = 0.5-  E_level =   0.0000 MeV  ITERATIONS =     0
  R =  1  l =   1  s =  0.5  C  =     0.230000 fm^(-1/2)  g_int =     0.011704 MeV^(1/2)   g_ext =  (0.000000,0.000000) MeV^(1/2) 
  R =  1  l =   1  s =  1.5  C  =     7.000000 fm^(-1/2)  g_int =     0.356205 MeV^(1/2)   g_ext =  (0.000000,0.000000) MeV^(1/2) 
  R =  2  L =  M1  s =  0.5  mu =     0.000000 nm         g_int =    -0.000000 MeV^(1/2)   g_ext =  (0.000000,0.000000) MeV^(1/2) 
  R =  3  L =  E1  s =  1.5  G  =     0.000000 meV        g_int =     0.000000 MeV^(1/2)   g_ext =  (0.000000,0.000000) MeV^(1/2) 
  R =  3  L =  M2  s =  1.5  G  =     0.000000 meV        g_int =     0.000000 MeV^(1/2)   g_ext =  (0.000000,0.000000) MeV^(1/2) 
  R =  4  L =  E1  s =  0.5  G  =     0.000000 meV        g_int =     0.000000 MeV^(1/2)   g_ext =  (0.000000,0.000000) MeV^(1/2) 
  R =  5  L =  M2  s =  2.5  G  =     0.000000 meV        g_int =     0.000000 MeV^(1/2)   g_ext =  (0.000000,0.000000) MeV^(1/2) 
  R =  6  L =  M1  s =  1.5  G  =     0.000000 meV        g_int =     0.000000 MeV^(1/2)   g_ext =  (0.000000,0.000000) MeV^(1/2) 
  R =  6  L =  E2  s =  1.5  G  =     0.000000 meV        g_int =     0.000000 MeV^(1/2)   g_ext =  (0.000000,0.000000) MeV^(1/2) 
  R =  7  L =  M2  s =  2.5  G  =     0.000000 meV        g_int =     0.000000 MeV^(1/2)   g_ext =  (0.000000,0.000000) MeV^(1/2) 

J = 0.5-  E_level =  30.0000 MeV  ITERATIONS =     0
  R =  1  l =   1  s =  0.5  G  =     0.000000 meV        g_int =     0.000000 MeV^(1/2)   g_ext =  (0.000000,0.000000) MeV^(1/2) 
  R =  1  l =   1  s =  1.5  G  =     0.000000 meV        g_int =     0.000000 MeV^(1/2)   g_ext =  (0.000000,0.000000) MeV^(1/2) 
  R =  2  L =  M1  s =  0.5  G  =     0.000000 meV        g_int =     0.000000 MeV^(1/2)   g_ext =  (0.000000,0.000000) MeV^(1/2) 
  R =  3  L =  E1  s =  1.5  G  =     0.000000 meV        g_int =     0.000000 MeV^(1/2)   g_ext =  (0.000000,0.000000) MeV^(1/2) 
  R =  3  L =  M2  s =  1.5  G  =     0.000000 meV        g_int =     0.000000 MeV^(1/2)   g_ext =  (0.000000,0.000000) MeV^(1/2) 
  R =  4  L =  E1  s =  0.5  G  =     0.000000 meV        g_int =     0.000000 MeV^(1/2)   g_ext =  (0.000000,0.000000) MeV^(1/2) 
  R =  5  L =  M2  s =  2.5  G  =     0.000000 meV        g_int =     0.000000 MeV^(1/2)   g_ext =  (0.000000,0.000000) MeV^(1/2) 
  R =  6  L =  M1  s =  1.5  G  =     0.000000 meV        g_int =     0.000000 MeV^(1/2)   g_ext =  (0.000000,0.000000) MeV^(1/2) 
  R =  6  L =  E2  s =  1.5  G  =     0.000000 meV        g_int =     0.000000 MeV^(1/2)   g_ext =  (0.000000,0.000000) MeV^(1/2) 
  R =  7  L =  M2  s =  2.5  G  =     0.000000 meV        g_int =     0.000000 MeV^(1/2)   g_ext =  (0.000000,0.000000) MeV^(1/2) 

J = 0.5+  E_level =   5.1830 MeV  ITERATIONS =     0
  R =  1  l =   0  s =  0.5  C  =     0.330000 fm^(-1/2)  g_int =     0.037899 MeV^(1/2)   g_ext =  (0.000000,0.000000) MeV^(1/2) 
  R =  1  l =   2  s =  1.5  C  =     0.000000 fm^(-1/2)  g_int =     0.000000 MeV^(1/2)   g_ext =  (0.000000,0.000000) MeV^(1/2) 
  R =  2  L =  E1  s =  0.5  G  =    78.989200 meV        g_int =     0.046870 MeV^(1/2)   g_ext = (-0.000174,0.000000) MeV^(1/2) 
  R =  3  L =  M1  s =  1.5  G  =     0.000000 meV        g_int =     0.000000 MeV^(1/2)   g_ext =  (0.000000,0.000000) MeV^(1/2) 
  R =  3  L =  E2  s =  1.5  G  =     0.000000 meV        g_int =     0.000000 MeV^(1/2)   g_ext =  (0.000000,0.000000) MeV^(1/2) 
  R =  4  L =  M1  s =  0.5  mu =     0.000000 nm         g_int =    -0.000000 MeV^(1/2)   g_ext =  (0.000000,0.000000) MeV^(1/2) 
  R =  5  L =  E2  s =  2.5  G  =     0.000000 meV        g_int =     0.000000 MeV^(1/2)   g_ext =  (0.000000,0.000000) MeV^(1/2) 
  R =  6  L =  E1  s =  1.5  G  =     0.000000 meV        g_int =     0.000000 MeV^(1/2)   g_ext =  (0.000000,0.000000) MeV^(1/2) 
  R =  6  L =  M2  s =  1.5  G  =     0.000000 meV        g_int =     0.000000 MeV^(1/2)   g_ext =  (0.000000,0.000000) MeV^(1/2) 
  R =  7  L =  E2  s =  2.5  G  =     0.000000 meV        g_int =     0.000000 MeV^(1/2)   g_ext =  (0.000000,0.000000) MeV^(1/2) 

J = 0.5+  E_level =   7.5562 MeV  ITERATIONS =     0
  R =  1  l =   0  s =  0.5  G  =   610.111000 eV         g_int =     0.610731 MeV^(1/2)   g_ext =  (0.000000,0.000000) MeV^(1/2) 
  R =  1  l =   2  s =  1.5  G  =     0.000000 meV        g_int =     0.000000 MeV^(1/2)   g_ext =  (0.000000,0.000000) MeV^(1/2) 
  R =  2  L =  E1  s =  0.5  G  =     1.092810 meV        g_int =     0.007124 MeV^(1/2)   g_ext = (-0.003604,-0.000002) MeV^(1/2) 
  R =  3  L =  M1  s =  1.5  G  =    10.683300 meV        g_int =     0.342946 MeV^(1/2)   g_ext =  (0.000000,0.000000) MeV^(1/2) 
  R =  3  L =  E2  s =  1.5  G  =     0.000000 meV        g_int =     0.000000 MeV^(1/2)   g_ext =  (0.000000,0.000000) MeV^(1/2) 
  R =  4  L =  M1  s =  0.5  G  =     7.828820 meV        g_int =     0.053529 MeV^(1/2)   g_ext =  (0.000000,0.000000) MeV^(1/2) 
  R =  5  L =  E2  s =  2.5  G  =     0.000000 meV        g_int =     0.000000 MeV^(1/2)   g_ext =  (0.000000,0.000000) MeV^(1/2) 
  R =  6  L =  E1  s =  1.5  G  =     6.282910 meV        g_int =     0.024800 MeV^(1/2)   g_ext =  (0.083356,0.000211) MeV^(1/2) 
  R =  6  L =  M2  s =  1.5  G  =     0.000000 meV        g_int =     0.000000 MeV^(1/2)   g_ext =  (0.000000,0.000000) MeV^(1/2) 
  R =  7  L =  E2  s =  2.5  G  =     0.050743 meV        g_int =     6.945433 MeV^(1/2)   g_ext =  (0.725488,0.006025) MeV^(1/2) 

J = 0.5+  E_level =   8.7502 MeV  ITERATIONS =     0
  R =  1  l =   0  s =  0.5  G  =    34.146300 keV        g_int =     0.171222 MeV^(1/2)   g_ext =  (0.000000,0.000000) MeV^(1/2) 
  R =  1  l =   2  s =  1.5  G  =     0.000000 meV        g_int =     0.000000 MeV^(1/2)   g_ext =  (0.000000,0.000000) MeV^(1/2) 
  R =  2  L =  E1  s =  0.5  G  =    38.583000 meV        g_int =     0.016132 MeV^(1/2)   g_ext = (-0.001189,-0.000272) MeV^(1/2) 
  R =  3  L =  M1  s =  1.5  G  =     0.000000 meV        g_int =     0.000000 MeV^(1/2)   g_ext =  (0.000000,0.000000) MeV^(1/2) 
  R =  3  L =  E2  s =  1.5  G  =     0.000000 meV        g_int =     0.000000 MeV^(1/2)   g_ext =  (0.000000,0.000000) MeV^(1/2) 
  R =  4  L =  M1  s =  0.5  G  =   200.094000 meV        g_int =    -0.130750 MeV^(1/2)   g_ext =  (0.000000,0.000000) MeV^(1/2) 
  R =  5  L =  E2  s =  2.5  G  =     0.000000 meV        g_int =     0.000000 MeV^(1/2)   g_ext =  (0.000000,0.000000) MeV^(1/2) 
  R =  6  L =  E1  s =  1.5  G  =    52.965400 meV        g_int =     0.082794 MeV^(1/2)   g_ext =  (0.026095,0.013756) MeV^(1/2) 
  R =  6  L =  M2  s =  1.5  G  =     0.000000 meV        g_int =     0.000000 MeV^(1/2)   g_ext =  (0.000000,0.000000) MeV^(1/2) 
  R =  7  L =  E2  s =  2.5  G  =     0.000000 meV        g_int =     0.000000 MeV^(1/2)   g_ext =  (0.000000,0.000000) MeV^(1/2) 

J = 0.5+  E_level =  30.0000 MeV  ITERATIONS =     0
  R =  1  l =   0  s =  0.5  G  =     0.000000 meV        g_int =     0.000000 MeV^(1/2)   g_ext =  (0.000000,0.000000) MeV^(1/2) 
  R =  1  l =   2  s =  1.5  G  =     0.000000 meV        g_int =     0.000000 MeV^(1/2)   g_ext =  (0.000000,0.000000) MeV^(1/2) 
  R =  2  L =  E1  s =  0.5  G  =     0.000000 meV        g_int =     0.000000 MeV^(1/2)   g_ext =  (0.000000,0.000000) MeV^(1/2) 
  R =  3  L =  M1  s =  1.5  G  =     0.000000 meV        g_int =     0.000000 MeV^(1/2)   g_ext =  (0.000000,0.000000) MeV^(1/2) 
  R =  3  L =  E2  s =  1.5  G  =     0.000000 meV        g_int =     0.000000 MeV^(1/2)   g_ext =  (0.000000,0.000000) MeV^(1/2) 
  R =  4  L =  M1  s =  0.5  G  =     0.000000 meV        g_int =     0.000000 MeV^(1/2)   g_ext =  (0.000000,0.000000) MeV^(1/2) 
  R =  5  L =  E2  s =  2.5  G  =     0.000000 meV        g_int =     0.000000 MeV^(1/2)   g_ext =  (0.000000,0.000000) MeV^(1/2) 
  R =  6  L =  E1  s =  1.5  G  =     0.000000 meV        g_int =     0.000000 MeV^(1/2)   g_ext =  (0.000000,0.000000) MeV^(1/2) 
  R =  6  L =  M2  s =  1.5  G  =     0.000000 meV        g_int =     0.000000 MeV^(1/2)   g_ext =  (0.000000,0.000000) MeV^(1/2) 
  R =  7  L =  E2  s =  2.5  G  =     0.000000 meV        g_int =     0.000000 MeV^(1/2)   g_ext =  (0.000000,0.000000) MeV^(1/2) 

J = 1.5-  E_level =   6.1763 MeV  ITERATIONS =     0
  R =  1  l =   1  s =  0.5  C  =     0.470000 fm^(-1/2)  g_int =     0.110007 MeV^(1/2)   g_ext =  (0.000000,0.000000) MeV^(1/2) 
  R =  1  l =   1  s =  1.5  C  =     0.530000 fm^(-1/2)  g_int =     0.124050 MeV^(1/2)   g_ext =  (0.000000,0.000000) MeV^(1/2) 
  R =  1  l =   3  s =  1.5  C  =     0.000000 fm^(-1/2)  g_int =     0.000000 MeV^(1/2)   g_ext =  (0.000000,0.000000) MeV^(1/2) 
  R =  2  L =  M1  s =  0.5  G  =   820.000000 meV        g_int =     0.114684 MeV^(1/2)   g_ext =  (0.001473,0.000000) MeV^(1/2) 
  R =  2  L =  E2  s =  0.5  G  =     0.000000 meV        g_int =     0.000000 MeV^(1/2)   g_ext =  (0.000000,0.000000) MeV^(1/2) 
  R =  3  L =  E1  s =  1.5  G  =     0.000000 meV        g_int =     0.000000 MeV^(1/2)   g_ext =  (0.000000,0.000000) MeV^(1/2) 
  R =  3  L =  M2  s =  1.5  G  =     0.000000 meV        g_int =     0.000000 MeV^(1/2)   g_ext =  (0.000000,0.000000) MeV^(1/2) 
  R =  4  L =  E1  s =  0.5  G  =     0.000000 meV        g_int =     0.000000 MeV^(1/2)   g_ext =  (0.000000,0.000000) MeV^(1/2) 
  R =  4  L =  M2  s =  0.5  G  =     0.000000 meV        g_int =     0.000000 MeV^(1/2)   g_ext =  (0.000000,0.000000) MeV^(1/2) 
  R =  5  L =  E1  s =  2.5  G  =     0.000000 meV        g_int =     0.000000 MeV^(1/2)   g_ext =  (0.000000,0.000000) MeV^(1/2) 
  R =  5  L =  M2  s =  2.5  G  =     0.000000 meV        g_int =     0.000000 MeV^(1/2)   g_ext =  (0.000000,0.000000) MeV^(1/2) 
  R =  6  L =  M1  s =  1.5  mu =     0.000000 nm         g_int =    -0.000000 MeV^(1/2)   g_ext =  (0.000000,0.000000) MeV^(1/2) 
  R =  6  L =  E2  s =  1.5  Q  =     0.000000 b          g_int =    -0.000000 MeV^(1/2)   g_ext =  (0.000000,0.000000) MeV^(1/2) 
  R =  7  L =  E1  s =  2.5  G  =     0.000000 meV        g_int =     0.000000 MeV^(1/2)   g_ext =  (0.000000,0.000000) MeV^(1/2) 
  R =  7  L =  M2  s =  2.5  G  =     0.000000 meV        g_int =     0.000000 MeV^(1/2)   g_ext =  (0.000000,0.000000) MeV^(1/2) 
  R =  8  L =  M2  s =  3.5  G  =     0.000000 meV        g_int =     0.000000 MeV^(1/2)   g_ext =  (0.000000,0.000000) MeV^(1/2) 

J = 1.5-  E_level =   9.6081 MeV  ITERATIONS =     0
  R =  1  l =   1  s =  0.5  G  =     0.000000 meV        g_int =     0.000000 MeV^(1/2)   g_ext =  (0.000000,0.000000) MeV^(1/2) 
  R =  1  l =   1  s =  1.5  G  =    13.703200 keV        g_int =    -0.100222 MeV^(1/2)   g_ext =  (0.000000,0.000000) MeV^(1/2) 
  R =  1  l =   3  s =  1.5  G  =     0.000000 meV        g_int =     0.000000 MeV^(1/2)   g_ext =  (0.000000,0.000000) MeV^(1/2) 
  R =  2  L =  M1  s =  0.5  G  =     1.437960 eV         g_int =     0.080045 MeV^(1/2)   g_ext = (-0.001016,-0.000228) MeV^(1/2) 
  R =  2  L =  E2  s =  0.5  G  =     0.000000 meV        g_int =     0.000000 MeV^(1/2)   g_ext =  (0.000000,0.000000) MeV^(1/2) 
  R =  3  L =  E1  s =  1.5  G  =    53.155600 meV        g_int =    -0.035016 MeV^(1/2)   g_ext = (-0.050282,-0.043639) MeV^(1/2) 
  R =  3  L =  M2  s =  1.5  G  =     0.000000 meV        g_int =     0.000000 MeV^(1/2)   g_ext =  (0.000000,0.000000) MeV^(1/2) 
  R =  4  L =  E1  s =  0.5  G  =     0.000000 meV        g_int =     0.000000 MeV^(1/2)   g_ext =  (0.000000,0.000000) MeV^(1/2) 
  R =  4  L =  M2  s =  0.5  G  =     0.000000 meV        g_int =     0.000000 MeV^(1/2)   g_ext =  (0.000000,0.000000) MeV^(1/2) 
  R =  5  L =  E1  s =  2.5  G  =    92.238600 meV        g_int =     0.072577 MeV^(1/2)   g_ext = (-0.007339,-0.003205) MeV^(1/2) 
  R =  5  L =  M2  s =  2.5  G  =     0.000000 meV        g_int =     0.000000 MeV^(1/2)   g_ext =  (0.000000,0.000000) MeV^(1/2) 
  R =  6  L =  M1  s =  1.5  G  =     0.000000 meV        g_int =     0.000000 MeV^(1/2)   g_ext =  (0.000000,0.000000) MeV^(1/2) 
  R =  6  L =  E2  s =  1.5  G  =     0.000000 meV        g_int =     0.000000 MeV^(1/2)   g_ext =  (0.000000,0.000000) MeV^(1/2) 
  R =  7  L =  E1  s =  2.5  G  =     0.000000 meV        g_int =     0.000000 MeV^(1/2)   g_ext =  (0.000000,0.000000) MeV^(1/2) 
  R =  7  L =  M2  s =  2.5  G  =     0.000000 meV        g_int =     0.000000 MeV^(1/2)   g_ext =  (0.000000,0.000000) MeV^(1/2) 
  R =  8  L =  M2  s =  3.5  G  =     0.000000 meV        g_int =     0.000000 MeV^(1/2)   g_ext =  (0.000000,0.000000) MeV^(1/2) 

J = 1.5-  E_level =  10.4970 MeV  ITERATIONS =     0
  R =  1  l =   1  s =  0.5  G  =   104.000000 keV        g_int =     0.219578 MeV^(1/2)   g_ext =  (0.000000,0.000000) MeV^(1/2) 
  R =  1  l =   1  s =  1.5  G  =    26.000000 keV        g_int =    -0.109789 MeV^(1/2)   g_ext =  (0.000000,0.000000) MeV^(1/2) 
  R =  1  l =   3  s =  1.5  G  =     0.000000 meV        g_int =     0.000000 MeV^(1/2)   g_ext =  (0.000000,0.000000) MeV^(1/2) 
  R =  2  L =  M1  s =  0.5  G  =   310.000000 meV        g_int =     0.031954 MeV^(1/2)   g_ext =  (0.000287,0.000097) MeV^(1/2) 
  R =  2  L =  E2  s =  0.5  G  =     0.000000 meV        g_int =     0.000000 MeV^(1/2)   g_ext =  (0.000000,0.000000) MeV^(1/2) 
  R =  3  L =  E1  s =  1.5  G  =   100.000000 meV        g_int =     0.112328 MeV^(1/2)   g_ext = (-0.041090,-0.050576) MeV^(1/2) 
  R =  3  L =  M2  s =  1.5  G  =     0.000000 meV        g_int =     0.000000 MeV^(1/2)   g_ext =  (0.000000,0.000000) MeV^(1/2) 
  R =  4  L =  E1  s =  0.5  G  =     0.000000 meV        g_int =     0.000000 MeV^(1/2)   g_ext =  (0.000000,0.000000) MeV^(1/2) 
  R =  4  L =  M2  s =  0.5  G  =     0.000000 meV        g_int =     0.000000 MeV^(1/2)   g_ext =  (0.000000,0.000000) MeV^(1/2) 
  R =  5  L =  E1  s =  2.5  G  =     0.000000 meV        g_int =     0.000000 MeV^(1/2)   g_ext =  (0.000000,0.000000) MeV^(1/2) 
  R =  5  L =  M2  s =  2.5  G  =     0.000000 meV        g_int =     0.000000 MeV^(1/2)   g_ext =  (0.000000,0.000000) MeV^(1/2) 
  R =  6  L =  M1  s =  1.5  G  =     0.000000 meV        g_int =     0.000000 MeV^(1/2)   g_ext =  (0.000000,0.000000) MeV^(1/2) 
  R =  6  L =  E2  s =  1.5  G  =     0.000000 meV        g_int =     0.000000 MeV^(1/2)   g_ext =  (0.000000,0.000000) MeV^(1/2) 
  R =  7  L =  E1  s =  2.5  G  =   100.000000 meV        g_int =     0.055779 MeV^(1/2)   g_ext =  (0.030320,0.025391) MeV^(1/2) 
  R =  7  L =  M2  s =  2.5  G  =     0.000000 meV        g_int =     0.000000 MeV^(1/2)   g_ext =  (0.000000,0.000000) MeV^(1/2) 
  R =  8  L =  M2  s =  3.5  G  =    10.000000 meV        g_int =     2.086907 MeV^(1/2)   g_ext =  (0.000000,0.000000) MeV^(1/2) 

J = 1.5-  E_level =  30.0000 MeV  ITERATIONS =     0
  R =  1  l =   1  s =  0.5  G  =     0.000000 meV        g_int =     0.000000 MeV^(1/2)   g_ext =  (0.000000,0.000000) MeV^(1/2) 
  R =  1  l =   1  s =  1.5  G  =     0.000000 meV        g_int =     0.000000 MeV^(1/2)   g_ext =  (0.000000,0.000000) MeV^(1/2) 
  R =  1  l =   3  s =  1.5  G  =     0.000000 meV        g_int =     0.000000 MeV^(1/2)   g_ext =  (0.000000,0.000000) MeV^(1/2) 
  R =  2  L =  M1  s =  0.5  G  =     0.000000 meV        g_int =     0.000000 MeV^(1/2)   g_ext =  (0.000000,0.000000) MeV^(1/2) 
  R =  2  L =  E2  s =  0.5  G  =     0.000000 meV        g_int =     0.000000 MeV^(1/2)   g_ext =  (0.000000,0.000000) MeV^(1/2) 
  R =  3  L =  E1  s =  1.5  G  =     0.000000 meV        g_int =     0.000000 MeV^(1/2)   g_ext =  (0.000000,0.000000) MeV^(1/2) 
  R =  3  L =  M2  s =  1.5  G  =     0.000000 meV        g_int =     0.000000 MeV^(1/2)   g_ext =  (0.000000,0.000000) MeV^(1/2) 
  R =  4  L =  E1  s =  0.5  G  =     0.000000 meV        g_int =     0.000000 MeV^(1/2)   g_ext =  (0.000000,0.000000) MeV^(1/2) 
  R =  4  L =  M2  s =  0.5  G  =     0.000000 meV        g_int =     0.000000 MeV^(1/2)   g_ext =  (0.000000,0.000000) MeV^(1/2) 
  R =  5  L =  E1  s =  2.5  G  =     0.000000 meV        g_int =     0.000000 MeV^(1/2)   g_ext =  (0.000000,0.000000) MeV^(1/2) 
  R =  5  L =  M2  s =  2.5  G  =     0.000000 meV        g_int =     0.000000 MeV^(1/2)   g_ext =  (0.000000,0.000000) MeV^(1/2) 
  R =  6  L =  M1  s =  1.5  G  =     0.000000 meV        g_int =     0.000000 MeV^(1/2)   g_ext =  (0.000000,0.000000) MeV^(1/2) 
  R =  6  L =  E2  s =  1.5  G  =     0.000000 meV        g_int =     0.000000 MeV^(1/2)   g_ext =  (0.000000,0.000000) MeV^(1/2) 
  R =  7  L =  E1  s =  2.5  G  =     0.000000 meV        g_int =     0.000000 MeV^(1/2)   g_ext =  (0.000000,0.000000) MeV^(1/2) 
  R =  7  L =  M2  s =  2.5  G  =     0.000000 meV        g_int =     0.000000 MeV^(1/2)   g_ext =  (0.000000,0.000000) MeV^(1/2) 
  R =  8  L =  M2  s =  3.5  G  =     0.000000 meV        g_int =     0.000000 MeV^(1/2)   g_ext =  (0.000000,0.000000) MeV^(1/2) 

J = 1.5+  E_level =   6.7931 MeV  ITERATIONS =     0
  R =  1  l =   2  s =  0.5  C  =     0.000000 fm^(-1/2)  g_int =     0.000000 MeV^(1/2)   g_ext =  (0.000000,0.000000) MeV^(1/2) 
  R =  1  l =   0  s =  1.5  C  =     4.300000 fm^(-1/2)  g_int =     0.601697 MeV^(1/2)   g_ext =  (0.000000,0.000000) MeV^(1/2) 
  R =  1  l =   2  s =  1.5  C  =     0.000000 fm^(-1/2)  g_int =     0.000000 MeV^(1/2)   g_ext =  (0.000000,0.000000) MeV^(1/2) 
  R =  2  L =  E1  s =  0.5  G  =     2.800000 eV         g_int =     0.131611 MeV^(1/2)   g_ext =  (0.068232,0.000000) MeV^(1/2) 
  R =  2  L =  M2  s =  0.5  G  =     0.000000 meV        g_int =     0.000000 MeV^(1/2)   g_ext =  (0.000000,0.000000) MeV^(1/2) 
  R =  3  L =  M1  s =  1.5  mu =     0.000000 nm         g_int =    -0.000000 MeV^(1/2)   g_ext =  (0.000000,0.000000) MeV^(1/2) 
  R =  3  L =  E2  s =  1.5  Q  =     0.000000 b          g_int =    -0.000000 MeV^(1/2)   g_ext =  (0.000000,0.000000) MeV^(1/2) 
  R =  4  L =  M1  s =  0.5  G  =     0.000000 meV        g_int =     0.000000 MeV^(1/2)   g_ext =  (0.000000,0.000000) MeV^(1/2) 
  R =  4  L =  E2  s =  0.5  G  =     0.000000 meV        g_int =     0.000000 MeV^(1/2)   g_ext =  (0.000000,0.000000) MeV^(1/2) 
  R =  5  L =  M1  s =  2.5  G  =     0.000000 meV        g_int =     0.000000 MeV^(1/2)   g_ext =  (0.000000,0.000000) MeV^(1/2) 
  R =  5  L =  E2  s =  2.5  G  =     0.000000 meV        g_int =     0.000000 MeV^(1/2)   g_ext =  (0.000000,0.000000) MeV^(1/2) 
  R =  6  L =  E1  s =  1.5  G  =     0.000000 meV        g_int =     0.000000 MeV^(1/2)   g_ext =  (0.000000,0.000000) MeV^(1/2) 
  R =  6  L =  M2  s =  1.5  G  =     0.000000 meV        g_int =     0.000000 MeV^(1/2)   g_ext =  (0.000000,0.000000) MeV^(1/2) 
  R =  7  L =  M1  s =  2.5  G  =     0.000000 meV        g_int =     0.000000 MeV^(1/2)   g_ext =  (0.000000,0.000000) MeV^(1/2) 
  R =  7  L =  E2  s =  2.5  G  =     0.000000 meV        g_int =     0.000000 MeV^(1/2)   g_ext =  (0.000000,0.000000) MeV^(1/2) 
  R =  8  L =  E2  s =  3.5  G  =     0.000000 meV        g_int =     0.000000 MeV^(1/2)   g_ext =  (0.000000,0.000000) MeV^(1/2) 

J = 1.5+  E_level =   8.2851 MeV  ITERATIONS =     0
  R =  1  l =   2  s =  0.5  G  =   177.011000 eV         g_int =    -0.090030 MeV^(1/2)   g_ext =  (0.000000,0.000000) MeV^(1/2) 
  R =  1  l =   0  s =  1.5  G  =     3.212660 keV        g_int =     0.076531 MeV^(1/2)   g_ext =  (0.000000,0.000000) MeV^(1/2) 
  R =  1  l =   2  s =  1.5  G  =   410.142000 eV         g_int =    -0.137043 MeV^(1/2)   g_ext =  (0.000000,0.000000) MeV^(1/2) 
  R =  2  L =  E1  s =  0.5  G  =   230.986000 meV        g_int =     0.043492 MeV^(1/2)   g_ext = (-0.003719,0.001237) MeV^(1/2) 
  R =  2  L =  M2  s =  0.5  G  =     0.000000 meV        g_int =     0.000000 MeV^(1/2)   g_ext =  (0.000000,0.000000) MeV^(1/2) 
  R =  3  L =  M1  s =  1.5  G  =     0.000000 meV        g_int =     0.000000 MeV^(1/2)   g_ext =  (0.000000,0.000000) MeV^(1/2) 
  R =  3  L =  E2  s =  1.5  G  =     0.000000 meV        g_int =     0.000000 MeV^(1/2)   g_ext =  (0.000000,0.000000) MeV^(1/2) 
  R =  4  L =  M1  s =  0.5  G  =    10.400400 meV        g_int =     0.036856 MeV^(1/2)   g_ext =  (0.000000,0.000000) MeV^(1/2) 
  R =  4  L =  E2  s =  0.5  G  =     0.000000 meV        g_int =     0.000000 MeV^(1/2)   g_ext =  (0.000000,0.000000) MeV^(1/2) 
  R =  5  L =  M1  s =  2.5  G  =   210.949000 meV        g_int =     0.169312 MeV^(1/2)   g_ext =  (0.001431,0.000018) MeV^(1/2) 
  R =  5  L =  E2  s =  2.5  G  =     0.000000 meV        g_int =     0.000000 MeV^(1/2)   g_ext =  (0.000000,0.000000) MeV^(1/2) 
  R =  6  L =  E1  s =  1.5  G  =     7.510270 meV        g_int =    -0.033137 MeV^(1/2)   g_ext = (-0.022624,-0.003602) MeV^(1/2) 
  R =  6  L =  M2  s =  1.5  G  =     0.000000 meV        g_int =     0.000000 MeV^(1/2)   g_ext =  (0.000000,0.000000) MeV^(1/2) 
  R =  7  L =  M1  s =  2.5  G  =    11.218100 meV        g_int =     0.117353 MeV^(1/2)   g_ext =  (0.005501,0.000127) MeV^(1/2) 
  R =  7  L =  E2  s =  2.5  G  =     0.000000 meV        g_int =     0.000000 MeV^(1/2)   g_ext =  (0.000000,0.000000) MeV^(1/2) 
  R =  8  L =  E2  s =  3.5  G  =     5.167760 meV        g_int =    27.295274 MeV^(1/2)   g_ext =  (0.081940,0.078342) MeV^(1/2) 

J = 1.5+  E_level =   9.4931 MeV  ITERATIONS =     0
  R =  1  l =   2  s =  0.5  G  =   100.487000 keV        g_int =     0.555971 MeV^(1/2)   g_ext =  (0.000000,0.000000) MeV^(1/2) 
  R =  1  l =   0  s =  1.5  G  =   150.753000 keV        g_int =     0.290630 MeV^(1/2)   g_ext =  (0.000000,0.000000) MeV^(1/2) 
  R =  1  l =   2  s =  1.5  G  =     3.367350 eV         g_int =    -0.003218 MeV^(1/2)   g_ext =  (0.000000,0.000000) MeV^(1/2) 
  R =  2  L =  E1  s =  0.5  G  =     6.255910 eV         g_int =     0.134462 MeV^(1/2)   g_ext =  (0.044076,0.016043) MeV^(1/2) 
  R =  2  L =  M2  s =  0.5  G  =     0.000000 meV        g_int =     0.000000 MeV^(1/2)   g_ext =  (0.000000,0.000000) MeV^(1/2) 
  R =  3  L =  M1  s =  1.5  G  =     0.000000 meV        g_int =     0.000000 MeV^(1/2)   g_ext =  (0.000000,0.000000) MeV^(1/2) 
  R =  3  L =  E2  s =  1.5  G  =     0.000000 meV        g_int =     0.000000 MeV^(1/2)   g_ext =  (0.000000,0.000000) MeV^(1/2) 
  R =  4  L =  M1  s =  0.5  G  =     0.000000 meV        g_int =     0.000000 MeV^(1/2)   g_ext =  (0.000000,0.000000) MeV^(1/2) 
  R =  4  L =  E2  s =  0.5  G  =     0.000000 meV        g_int =     0.000000 MeV^(1/2)   g_ext =  (0.000000,0.000000) MeV^(1/2) 
  R =  5  L =  M1  s =  2.5  G  =     0.000000 meV        g_int =     0.000000 MeV^(1/2)   g_ext =  (0.000000,0.000000) MeV^(1/2) 
  R =  5  L =  E2  s =  2.5  G  =     0.000000 meV        g_int =     0.000000 MeV^(1/2)   g_ext =  (0.000000,0.000000) MeV^(1/2) 
  R =  6  L =  E1  s =  1.5  G  =     0.000000 meV        g_int =     0.000000 MeV^(1/2)   g_ext =  (0.000000,0.000000) MeV^(1/2) 
  R =  6  L =  M2  s =  1.5  G  =     0.000000 meV        g_int =     0.000000 MeV^(1/2)   g_ext =  (0.000000,0.000000) MeV^(1/2) 
  R =  7  L =  M1  s =  2.5  G  =   203.878000 meV        g_int =     0.231478 MeV^(1/2)   g_ext = (-0.010030,-0.001816) MeV^(1/2) 
  R =  7  L =  E2  s =  2.5  G  =     0.000000 meV        g_int =     0.000000 MeV^(1/2)   g_ext =  (0.000000,0.000000) MeV^(1/2) 
  R =  8  L =  E2  s =  3.5  G  =    99.574700 meV        g_int =    17.600144 MeV^(1/2)   g_ext =  (0.228579,0.368749) MeV^(1/2) 

J = 1.5+  E_level =  10.4780 MeV  ITERATIONS =     0
  R =  1  l =   2  s =  0.5  G  =     2.400000 keV        g_int =    -0.050507 MeV^(1/2)   g_ext =  (0.000000,0.000000) MeV^(1/2) 
  R =  1  l =   0  s =  1.5  G  =    40.000000 keV        g_int =     0.116466 MeV^(1/2)   g_ext =  (0.000000,0.000000) MeV^(1/2) 
  R =  1  l =   2  s =  1.5  G  =     7.000000 keV        g_int =     0.086257 MeV^(1/2)   g_ext =  (0.000000,0.000000) MeV^(1/2) 
  R =  2  L =  E1  s =  0.5  G  =   310.000000 meV        g_int =     0.004795 MeV^(1/2)   g_ext =  (0.025691,0.010495) MeV^(1/2) 
  R =  2  L =  M2  s =  0.5  G  =     0.000000 meV        g_int =     0.000000 MeV^(1/2)   g_ext =  (0.000000,0.000000) MeV^(1/2) 
  R =  3  L =  M1  s =  1.5  G  =   300.000000 meV        g_int =     0.152085 MeV^(1/2)   g_ext =  (0.000000,0.000000) MeV^(1/2) 
  R =  3  L =  E2  s =  1.5  G  =     0.000000 meV        g_int =     0.000000 MeV^(1/2)   g_ext =  (0.000000,0.000000) MeV^(1/2) 
  R =  4  L =  M1  s =  0.5  G  =     0.000000 meV        g_int =     0.000000 MeV^(1/2)   g_ext =  (0.000000,0.000000) MeV^(1/2) 
  R =  4  L =  E2  s =  0.5  G  =     0.000000 meV        g_int =     0.000000 MeV^(1/2)   g_ext =  (0.000000,0.000000) MeV^(1/2) 
  R =  5  L =  M1  s =  2.5  G  =     0.000000 meV        g_int =     0.000000 MeV^(1/2)   g_ext =  (0.000000,0.000000) MeV^(1/2) 
  R =  5  L =  E2  s =  2.5  G  =     0.000000 meV        g_int =     0.000000 MeV^(1/2)   g_ext =  (0.000000,0.000000) MeV^(1/2) 
  R =  6  L =  E1  s =  1.5  G  =     0.000000 meV        g_int =     0.000000 MeV^(1/2)   g_ext =  (0.000000,0.000000) MeV^(1/2) 
  R =  6  L =  M2  s =  1.5  G  =     0.000000 meV        g_int =     0.000000 MeV^(1/2)   g_ext =  (0.000000,0.000000) MeV^(1/2) 
  R =  7  L =  M1  s =  2.5  G  =   400.000000 meV        g_int =    -0.178452 MeV^(1/2)   g_ext = (-0.002008,-0.000677) MeV^(1/2) 
  R =  7  L =  E2  s =  2.5  G  =     0.000000 meV        g_int =     0.000000 MeV^(1/2)   g_ext =  (0.000000,0.000000) MeV^(1/2) 
  R =  8  L =  E2  s =  3.5  G  =     0.000000 meV        g_int =     0.000000 MeV^(1/2)   g_ext =  (0.000000,0.000000) MeV^(1/2) 

J = 1.5+  E_level =  30.0000 MeV  ITERATIONS =     0
  R =  1  l =   2  s =  0.5  G  = 10000.000000 keV        g_int =     1.030906 MeV^(1/2)   g_ext =  (0.000000,0.000000) MeV^(1/2) 
  R =  1  l =   0  s =  1.5  G  = 10000.000000 keV        g_int =     0.975875 MeV^(1/2)   g_ext =  (0.000000,0.000000) MeV^(1/2) 
  R =  1  l =   2  s =  1.5  G  = 10000.000000 keV        g_int =     1.030906 MeV^(1/2)   g_ext =  (0.000000,0.000000) MeV^(1/2) 
  R =  2  L =  E1  s =  0.5  G  =    15.356600 keV        g_int =     1.398053 MeV^(1/2)   g_ext =  (0.084260,0.149011) MeV^(1/2) 
  R =  2  L =  M2  s =  0.5  G  =     0.000000 meV        g_int =     0.000000 MeV^(1/2)   g_ext =  (0.000000,0.000000) MeV^(1/2) 
  R =  3  L =  M1  s =  1.5  G  =     0.000000 meV        g_int =     0.000000 MeV^(1/2)   g_ext =  (0.000000,0.000000) MeV^(1/2) 
  R =  3  L =  E2  s =  1.5  G  =     0.000000 meV        g_int =     0.000000 MeV^(1/2)   g_ext =  (0.000000,0.000000) MeV^(1/2) 
  R =  4  L =  M1  s =  0.5  G  =     0.000000 meV        g_int =     0.000000 MeV^(1/2)   g_ext =  (0.000000,0.000000) MeV^(1/2) 
  R =  4  L =  E2  s =  0.5  G  =     0.000000 meV        g_int =     0.000000 MeV^(1/2)   g_ext =  (0.000000,0.000000) MeV^(1/2) 
  R =  5  L =  M1  s =  2.5  G  =     0.000000 meV        g_int =     0.000000 MeV^(1/2)   g_ext =  (0.000000,0.000000) MeV^(1/2) 
  R =  5  L =  E2  s =  2.5  G  =     0.000000 meV        g_int =     0.000000 MeV^(1/2)   g_ext =  (0.000000,0.000000) MeV^(1/2) 
  R =  6  L =  E1  s =  1.5  G  =     0.000000 meV        g_int =     0.000000 MeV^(1/2)   g_ext =  (0.000000,0.000000) MeV^(1/2) 
  R =  6  L =  M2  s =  1.5  G  =     0.000000 meV        g_int =     0.000000 MeV^(1/2)   g_ext =  (0.000000,0.000000) MeV^(1/2) 
  R =  7  L =  M1  s =  2.5  G  =     0.000000 meV        g_int =     0.000000 MeV^(1/2)   g_ext =  (0.000000,0.000000) MeV^(1/2) 
  R =  7  L =  E2  s =  2.5  G  =     0.000000 meV        g_int =     0.000000 MeV^(1/2)   g_ext =  (0.000000,0.000000) MeV^(1/2) 
  R =  8  L =  E2  s =  3.5  G  =     0.000000 meV        g_int =     0.000000 MeV^(1/2)   g_ext =  (0.000000,0.000000) MeV^(1/2) 

J = 2.5-  E_level =   8.9799 MeV  ITERATIONS =     0
  R =  1  l =   3  s =  0.5  G  =     0.000000 meV        g_int =     0.000000 MeV^(1/2)   g_ext =  (0.000000,0.000000) MeV^(1/2) 
  R =  1  l =   1  s =  1.5  G  =     5.413950 keV        g_int =    -0.083339 MeV^(1/2)   g_ext =  (0.000000,0.000000) MeV^(1/2) 
  R =  1  l =   3  s =  1.5  G  =     0.000000 meV        g_int =     0.000000 MeV^(1/2)   g_ext =  (0.000000,0.000000) MeV^(1/2) 
  R =  2  L =  E2  s =  0.5  G  =   284.597000 meV        g_int =    -0.824559 MeV^(1/2)   g_ext = (-0.030523,-0.006727) MeV^(1/2) 
  R =  3  L =  E1  s =  1.5  G  =     8.151040 meV        g_int =     0.005759 MeV^(1/2)   g_ext = (-0.051629,-0.029984) MeV^(1/2) 
  R =  3  L =  M2  s =  1.5  G  =     0.000000 meV        g_int =     0.000000 MeV^(1/2)   g_ext =  (0.000000,0.000000) MeV^(1/2) 
  R =  4  L =  M2  s =  0.5  G  =     0.000000 meV        g_int =     0.000000 MeV^(1/2)   g_ext =  (0.000000,0.000000) MeV^(1/2) 
  R =  5  L =  E1  s =  2.5  G  =     0.000000 meV        g_int =     0.000000 MeV^(1/2)   g_ext =  (0.000000,0.000000) MeV^(1/2) 
  R =  5  L =  M2  s =  2.5  G  =     0.000000 meV        g_int =     0.000000 MeV^(1/2)   g_ext =  (0.000000,0.000000) MeV^(1/2) 
  R =  6  L =  M1  s =  1.5  G  =     0.000000 meV        g_int =     0.000000 MeV^(1/2)   g_ext =  (0.000000,0.000000) MeV^(1/2) 
  R =  6  L =  E2  s =  1.5  G  =     0.000000 meV        g_int =     0.000000 MeV^(1/2)   g_ext =  (0.000000,0.000000) MeV^(1/2) 
  R =  7  L =  E1  s =  2.5  G  =     0.000000 meV        g_int =     0.000000 MeV^(1/2)   g_ext =  (0.000000,0.000000) MeV^(1/2) 
  R =  7  L =  M2  s =  2.5  G  =     0.000000 meV        g_int =     0.000000 MeV^(1/2)   g_ext =  (0.000000,0.000000) MeV^(1/2) 
  R =  8  L =  E1  s =  3.5  G  =     0.000000 meV        g_int =     0.000000 MeV^(1/2)   g_ext =  (0.000000,0.000000) MeV^(1/2) 
  R =  8  L =  M2  s =  3.5  G  =     0.000000 meV        g_int =     0.000000 MeV^(1/2)   g_ext =  (0.000000,0.000000) MeV^(1/2) 

J = 2.5-  E_level =   9.4872 MeV  ITERATIONS =     0
  R =  1  l =   3  s =  0.5  G  =   400.467000 eV         g_int =     0.095009 MeV^(1/2)   g_ext =  (0.000000,0.000000) MeV^(1/2) 
  R =  1  l =   1  s =  1.5  G  =     9.824470 keV        g_int =    -0.089613 MeV^(1/2)   g_ext =  (0.000000,0.000000) MeV^(1/2) 
  R =  1  l =   3  s =  1.5  G  =     2.491500 keV        g_int =     0.236980 MeV^(1/2)   g_ext =  (0.000000,0.000000) MeV^(1/2) 
  R =  2  L =  E2  s =  0.5  G  =   502.712000 meV        g_int =    -1.017110 MeV^(1/2)   g_ext = (0.016597,-0.009233) MeV^(1/2) 
  R =  3  L =  E1  s =  1.5  G  =    13.593100 meV        g_int =     0.082512 MeV^(1/2)   g_ext = (-0.046797,-0.038169) MeV^(1/2) 
  R =  3  L =  M2  s =  1.5  G  =     0.000000 meV        g_int =     0.000000 MeV^(1/2)   g_ext =  (0.000000,0.000000) MeV^(1/2) 
  R =  4  L =  M2  s =  0.5  G  =     0.000000 meV        g_int =     0.000000 MeV^(1/2)   g_ext =  (0.000000,0.000000) MeV^(1/2) 
  R =  5  L =  E1  s =  2.5  G  =     0.000000 meV        g_int =     0.000000 MeV^(1/2)   g_ext =  (0.000000,0.000000) MeV^(1/2) 
  R =  5  L =  M2  s =  2.5  G  =     0.000000 meV        g_int =     0.000000 MeV^(1/2)   g_ext =  (0.000000,0.000000) MeV^(1/2) 
  R =  6  L =  M1  s =  1.5  G  =     0.000000 meV        g_int =     0.000000 MeV^(1/2)   g_ext =  (0.000000,0.000000) MeV^(1/2) 
  R =  6  L =  E2  s =  1.5  G  =     0.000000 meV        g_int =     0.000000 MeV^(1/2)   g_ext =  (0.000000,0.000000) MeV^(1/2) 
  R =  7  L =  E1  s =  2.5  G  =     0.000000 meV        g_int =     0.000000 MeV^(1/2)   g_ext =  (0.000000,0.000000) MeV^(1/2) 
  R =  7  L =  M2  s =  2.5  G  =     0.000000 meV        g_int =     0.000000 MeV^(1/2)   g_ext =  (0.000000,0.000000) MeV^(1/2) 
  R =  8  L =  E1  s =  3.5  G  =     0.000000 meV        g_int =     0.000000 MeV^(1/2)   g_ext =  (0.000000,0.000000) MeV^(1/2) 
  R =  8  L =  M2  s =  3.5  G  =     0.000000 meV        g_int =     0.000000 MeV^(1/2)   g_ext =  (0.000000,0.000000) MeV^(1/2) 

J = 2.5-  E_level =  30.0000 MeV  ITERATIONS =     0
  R =  1  l =   3  s =  0.5  G  =     0.000000 meV        g_int =     0.000000 MeV^(1/2)   g_ext =  (0.000000,0.000000) MeV^(1/2) 
  R =  1  l =   1  s =  1.5  G  =     0.000000 meV        g_int =     0.000000 MeV^(1/2)   g_ext =  (0.000000,0.000000) MeV^(1/2) 
  R =  1  l =   3  s =  1.5  G  =     0.000000 meV        g_int =     0.000000 MeV^(1/2)   g_ext =  (0.000000,0.000000) MeV^(1/2) 
  R =  2  L =  E2  s =  0.5  G  =     0.000000 meV        g_int =     0.000000 MeV^(1/2)   g_ext =  (0.000000,0.000000) MeV^(1/2) 
  R =  3  L =  E1  s =  1.5  G  =     0.000000 meV        g_int =     0.000000 MeV^(1/2)   g_ext =  (0.000000,0.000000) MeV^(1/2) 
  R =  3  L =  M2  s =  1.5  G  =     0.000000 meV        g_int =     0.000000 MeV^(1/2)   g_ext =  (0.000000,0.000000) MeV^(1/2) 
  R =  4  L =  M2  s =  0.5  G  =     0.000000 meV        g_int =     0.000000 MeV^(1/2)   g_ext =  (0.000000,0.000000) MeV^(1/2) 
  R =  5  L =  E1  s =  2.5  G  =     0.000000 meV        g_int =     0.000000 MeV^(1/2)   g_ext =  (0.000000,0.000000) MeV^(1/2) 
  R =  5  L =  M2  s =  2.5  G  =     0.000000 meV        g_int =     0.000000 MeV^(1/2)   g_ext =  (0.000000,0.000000) MeV^(1/2) 
  R =  6  L =  M1  s =  1.5  G  =     0.000000 meV        g_int =     0.000000 MeV^(1/2)   g_ext =  (0.000000,0.000000) MeV^(1/2) 
  R =  6  L =  E2  s =  1.5  G  =     0.000000 meV        g_int =     0.000000 MeV^(1/2)   g_ext =  (0.000000,0.000000) MeV^(1/2) 
  R =  7  L =  E1  s =  2.5  G  =     0.000000 meV        g_int =     0.000000 MeV^(1/2)   g_ext =  (0.000000,0.000000) MeV^(1/2) 
  R =  7  L =  M2  s =  2.5  G  =     0.000000 meV        g_int =     0.000000 MeV^(1/2)   g_ext =  (0.000000,0.000000) MeV^(1/2) 
  R =  8  L =  E1  s =  3.5  G  =     0.000000 meV        g_int =     0.000000 MeV^(1/2)   g_ext =  (0.000000,0.000000) MeV^(1/2) 
  R =  8  L =  M2  s =  3.5  G  =     0.000000 meV        g_int =     0.000000 MeV^(1/2)   g_ext =  (0.000000,0.000000) MeV^(1/2) 

J = 2.5+  E_level =   5.2409 MeV  ITERATIONS =     0
  R =  1  l =   2  s =  0.5  C  =     0.230000 fm^(-1/2)  g_int =     0.091790 MeV^(1/2)   g_ext =  (0.000000,0.000000) MeV^(1/2) 
  R =  1  l =   2  s =  1.5  C  =     0.240000 fm^(-1/2)  g_int =     0.095781 MeV^(1/2)   g_ext =  (0.000000,0.000000) MeV^(1/2) 
  R =  2  L =  M2  s =  0.5  G  =     0.200000 meV        g_int =     0.087169 MeV^(1/2)   g_ext =  (0.000000,0.000000) MeV^(1/2) 
  R =  3  L =  M1  s =  1.5  G  =     0.000000 meV        g_int =     0.000000 MeV^(1/2)   g_ext =  (0.000000,0.000000) MeV^(1/2) 
  R =  3  L =  E2  s =  1.5  G  =     0.000000 meV        g_int =     0.000000 MeV^(1/2)   g_ext =  (0.000000,0.000000) MeV^(1/2) 
  R =  4  L =  E2  s =  0.5  G  =     0.000000 meV        g_int =     0.000000 MeV^(1/2)   g_ext =  (0.000000,0.000000) MeV^(1/2) 
  R =  5  L =  M1  s =  2.5  mu =     0.000000 nm         g_int =    -0.000000 MeV^(1/2)   g_ext =  (0.000000,0.000000) MeV^(1/2) 
  R =  5  L =  E2  s =  2.5  Q  =     0.000000 b          g_int =    -0.000000 MeV^(1/2)   g_ext =  (0.000000,0.000000) MeV^(1/2) 
  R =  6  L =  E1  s =  1.5  G  =     0.000000 meV        g_int =     0.000000 MeV^(1/2)   g_ext =  (0.000000,0.000000) MeV^(1/2) 
  R =  6  L =  M2  s =  1.5  G  =     0.000000 meV        g_int =     0.000000 MeV^(1/2)   g_ext =  (0.000000,0.000000) MeV^(1/2) 
  R =  7  L =  M1  s =  2.5  G  =     0.000000 meV        g_int =     0.000000 MeV^(1/2)   g_ext =  (0.000000,0.000000) MeV^(1/2) 
  R =  7  L =  E2  s =  2.5  G  =     0.000000 meV        g_int =     0.000000 MeV^(1/2)   g_ext =  (0.000000,0.000000) MeV^(1/2) 
  R =  8  L =  M1  s =  3.5  G  =     0.000000 meV        g_int =     0.000000 MeV^(1/2)   g_ext =  (0.000000,0.000000) MeV^(1/2) 
  R =  8  L =  E2  s =  3.5  G  =     0.000000 meV        g_int =     0.000000 MeV^(1/2)   g_ext =  (0.000000,0.000000) MeV^(1/2) 

J = 2.5+  E_level =   6.8594 MeV  ITERATIONS =     0
  R =  1  l =   2  s =  0.5  C  =     0.390000 fm^(-1/2)  g_int =     0.310749 MeV^(1/2)   g_ext =  (0.000000,0.000000) MeV^(1/2) 
  R =  1  l =   2  s =  1.5  C  =     0.420000 fm^(-1/2)  g_int =     0.334653 MeV^(1/2)   g_ext =  (0.000000,0.000000) MeV^(1/2) 
  R =  2  L =  M2  s =  0.5  G  =     0.000000 meV        g_int =     0.000000 MeV^(1/2)   g_ext =  (0.000000,0.000000) MeV^(1/2) 
  R =  3  L =  M1  s =  1.5  G  =     0.000000 meV        g_int =     0.000000 MeV^(1/2)   g_ext =  (0.000000,0.000000) MeV^(1/2) 
  R =  3  L =  E2  s =  1.5  G  =     0.000000 meV        g_int =     0.000000 MeV^(1/2)   g_ext =  (0.000000,0.000000) MeV^(1/2) 
  R =  4  L =  E2  s =  0.5  G  =     0.000000 meV        g_int =     0.000000 MeV^(1/2)   g_ext =  (0.000000,0.000000) MeV^(1/2) 
  R =  5  L =  M1  s =  2.5  G  =    40.000000 meV        g_int =     0.202470 MeV^(1/2)   g_ext = (-0.006402,0.000000) MeV^(1/2) 
  R =  5  L =  E2  s =  2.5  G  =     0.000000 meV        g_int =     0.000000 MeV^(1/2)   g_ext =  (0.000000,0.000000) MeV^(1/2) 
  R =  6  L =  E1  s =  1.5  G  =     0.000000 meV        g_int =     0.000000 MeV^(1/2)   g_ext =  (0.000000,0.000000) MeV^(1/2) 
  R =  6  L =  M2  s =  1.5  G  =     0.000000 meV        g_int =     0.000000 MeV^(1/2)   g_ext =  (0.000000,0.000000) MeV^(1/2) 
  R =  7  L =  M1  s =  2.5  mu =     0.000000 nm         g_int =    -0.000000 MeV^(1/2)   g_ext =  (0.000000,0.000000) MeV^(1/2) 
  R =  7  L =  E2  s =  2.5  Q  =     0.000000 b          g_int =    -0.000000 MeV^(1/2)   g_ext =  (0.000000,0.000000) MeV^(1/2) 
  R =  8  L =  M1  s =  3.5  G  =     0.000000 meV        g_int =     0.000000 MeV^(1/2)   g_ext =  (0.000000,0.000000) MeV^(1/2) 
  R =  8  L =  E2  s =  3.5  G  =     0.000000 meV        g_int =     0.000000 MeV^(1/2)   g_ext =  (0.000000,0.000000) MeV^(1/2) 

J = 2.5+  E_level =   8.9219 MeV  ITERATIONS =     0
  R =  1  l =   2  s =  0.5  G  =     0.000000 meV        g_int =     0.000000 MeV^(1/2)   g_ext =  (0.000000,0.000000) MeV^(1/2) 
  R =  1  l =   2  s =  1.5  G  =     3.203460 keV        g_int =     0.145876 MeV^(1/2)   g_ext =  (0.000000,0.000000) MeV^(1/2) 
  R =  2  L =  M2  s =  0.5  G  =     0.000000 meV        g_int =     0.000000 MeV^(1/2)   g_ext =  (0.000000,0.000000) MeV^(1/2) 
  R =  3  L =  M1  s =  1.5  G  =     3.005420 meV        g_int =     0.034762 MeV^(1/2)   g_ext =  (0.000000,0.000000) MeV^(1/2) 
  R =  3  L =  E2  s =  1.5  G  =     0.000000 meV        g_int =     0.000000 MeV^(1/2)   g_ext =  (0.000000,0.000000) MeV^(1/2) 
  R =  4  L =  E2  s =  0.5  G  =     0.000000 meV        g_int =     0.000000 MeV^(1/2)   g_ext =  (0.000000,0.000000) MeV^(1/2) 
  R =  5  L =  M1  s =  2.5  G  =     0.000000 meV        g_int =     0.000000 MeV^(1/2)   g_ext =  (0.000000,0.000000) MeV^(1/2) 
  R =  5  L =  E2  s =  2.5  G  =     0.000000 meV        g_int =     0.000000 MeV^(1/2)   g_ext =  (0.000000,0.000000) MeV^(1/2) 
  R =  6  L =  E1  s =  1.5  G  =     0.000000 meV        g_int =     0.000000 MeV^(1/2)   g_ext =  (0.000000,0.000000) MeV^(1/2) 
  R =  6  L =  M2  s =  1.5  G  =     0.000000 meV        g_int =     0.000000 MeV^(1/2)   g_ext =  (0.000000,0.000000) MeV^(1/2) 
  R =  7  L =  M1  s =  2.5  G  =     0.000000 meV        g_int =     0.000000 MeV^(1/2)   g_ext =  (0.000000,0.000000) MeV^(1/2) 
  R =  7  L =  E2  s =  2.5  G  =     0.000000 meV        g_int =     0.000000 MeV^(1/2)   g_ext =  (0.000000,0.000000) MeV^(1/2) 
  R =  8  L =  M1  s =  3.5  G  =     0.000000 meV        g_int =     0.000000 MeV^(1/2)   g_ext =  (0.000000,0.000000) MeV^(1/2) 
  R =  8  L =  E2  s =  3.5  G  =     0.000000 meV        g_int =     0.000000 MeV^(1/2)   g_ext =  (0.000000,0.000000) MeV^(1/2) 

J = 2.5+  E_level =  30.0000 MeV  ITERATIONS =     0
  R =  1  l =   2  s =  0.5  G  =     0.000000 meV        g_int =     0.000000 MeV^(1/2)   g_ext =  (0.000000,0.000000) MeV^(1/2) 
  R =  1  l =   2  s =  1.5  G  =     0.000000 meV        g_int =     0.000000 MeV^(1/2)   g_ext =  (0.000000,0.000000) MeV^(1/2) 
  R =  2  L =  M2  s =  0.5  G  =     0.000000 meV        g_int =     0.000000 MeV^(1/2)   g_ext =  (0.000000,0.000000) MeV^(1/2) 
  R =  3  L =  M1  s =  1.5  G  =     0.000000 meV        g_int =     0.000000 MeV^(1/2)   g_ext =  (0.000000,0.000000) MeV^(1/2) 
  R =  3  L =  E2  s =  1.5  G  =     0.000000 meV        g_int =     0.000000 MeV^(1/2)   g_ext =  (0.000000,0.000000) MeV^(1/2) 
  R =  4  L =  E2  s =  0.5  G  =     0.000000 meV        g_int =     0.000000 MeV^(1/2)   g_ext =  (0.000000,0.000000) MeV^(1/2) 
  R =  5  L =  M1  s =  2.5  G  =     0.000000 meV        g_int =     0.000000 MeV^(1/2)   g_ext =  (0.000000,0.000000) MeV^(1/2) 
  R =  5  L =  E2  s =  2.5  G  =     0.000000 meV        g_int =     0.000000 MeV^(1/2)   g_ext =  (0.000000,0.000000) MeV^(1/2) 
  R =  6  L =  E1  s =  1.5  G  =     0.000000 meV        g_int =     0.000000 MeV^(1/2)   g_ext =  (0.000000,0.000000) MeV^(1/2) 
  R =  6  L =  M2  s =  1.5  G  =     0.000000 meV        g_int =     0.000000 MeV^(1/2)   g_ext =  (0.000000,0.000000) MeV^(1/2) 
  R =  7  L =  M1  s =  2.5  G  =     0.000000 meV        g_int =     0.000000 MeV^(1/2)   g_ext =  (0.000000,0.000000) MeV^(1/2) 
  R =  7  L =  E2  s =  2.5  G  =     0.000000 meV        g_int =     0.000000 MeV^(1/2)   g_ext =  (0.000000,0.000000) MeV^(1/2) 
  R =  8  L =  M1  s =  3.5  G  =     0.000000 meV        g_int =     0.000000 MeV^(1/2)   g_ext =  (0.000000,0.000000) MeV^(1/2) 
  R =  8  L =  E2  s =  3.5  G  =     0.000000 meV        g_int =     0.000000 MeV^(1/2)   g_ext =  (0.000000,0.000000) MeV^(1/2) 

J = 3.5+  E_level =   7.2759 MeV  ITERATIONS =     0
  R =  1  l =   2  s =  1.5  C  =  1541.000000 fm^(-1/2)  g_int =     0.457673 MeV^(1/2)   g_ext =  (0.000000,0.000000) MeV^(1/2) 
  R =  3  L =  E2  s =  1.5  G  =     0.000000 meV        g_int =     0.000000 MeV^(1/2)   g_ext =  (0.000000,0.000000) MeV^(1/2) 
  R =  5  L =  M1  s =  2.5  G  =     0.990000 meV        g_int =     0.019872 MeV^(1/2)   g_ext =  (0.002061,0.000000) MeV^(1/2) 
  R =  5  L =  E2  s =  2.5  G  =     0.000000 meV        g_int =     0.000000 MeV^(1/2)   g_ext =  (0.000000,0.000000) MeV^(1/2) 
  R =  6  L =  M2  s =  1.5  G  =     0.000000 meV        g_int =     0.000000 MeV^(1/2)   g_ext =  (0.000000,0.000000) MeV^(1/2) 
  R =  7  L =  M1  s =  2.5  G  =     0.000000 meV        g_int =     0.000000 MeV^(1/2)   g_ext =  (0.000000,0.000000) MeV^(1/2) 
  R =  7  L =  E2  s =  2.5  G  =     0.000000 meV        g_int =     0.000000 MeV^(1/2)   g_ext =  (0.000000,0.000000) MeV^(1/2) 
  R =  8  L =  M1  s =  3.5  mu =     0.000000 nm         g_int =    -0.000000 MeV^(1/2)   g_ext =  (0.000000,0.000000) MeV^(1/2) 
  R =  8  L =  E2  s =  3.5  Q  =     0.000000 b          g_int =    -0.000000 MeV^(1/2)   g_ext =  (0.000000,0.000000) MeV^(1/2) 

J = 3.5+  E_level =  30.0000 MeV  ITERATIONS =     0
  R =  1  l =   2  s =  1.5  G  =     0.000000 meV        g_int =     0.000000 MeV^(1/2)   g_ext =  (0.000000,0.000000) MeV^(1/2) 
  R =  3  L =  E2  s =  1.5  G  =     0.000000 meV        g_int =     0.000000 MeV^(1/2)   g_ext =  (0.000000,0.000000) MeV^(1/2) 
  R =  5  L =  M1  s =  2.5  G  =     0.000000 meV        g_int =     0.000000 MeV^(1/2)   g_ext =  (0.000000,0.000000) MeV^(1/2) 
  R =  5  L =  E2  s =  2.5  G  =     0.000000 meV        g_int =     0.000000 MeV^(1/2)   g_ext =  (0.000000,0.000000) MeV^(1/2) 
  R =  6  L =  M2  s =  1.5  G  =     0.000000 meV        g_int =     0.000000 MeV^(1/2)   g_ext =  (0.000000,0.000000) MeV^(1/2) 
  R =  7  L =  M1  s =  2.5  G  =     0.000000 meV        g_int =     0.000000 MeV^(1/2)   g_ext =  (0.000000,0.000000) MeV^(1/2) 
  R =  7  L =  E2  s =  2.5  G  =     0.000000 meV        g_int =     0.000000 MeV^(1/2)   g_ext =  (0.000000,0.000000) MeV^(1/2) 
  R =  8  L =  M1  s =  3.5  G  =     0.000000 meV        g_int =     0.000000 MeV^(1/2)   g_ext =  (0.000000,0.000000) MeV^(1/2) 
  R =  8  L =  E2  s =  3.5  G  =     0.000000 meV        g_int =     0.000000 MeV^(1/2)   g_ext =  (0.000000,0.000000) MeV^(1/2) 

